{"C:\\Users\\91735\\Downloads\\abhijeet_august\\movieApp\\appV3\\src\\App.tsx": {"path":"C:\\Users\\91735\\Downloads\\abhijeet_august\\movieApp\\appV3\\src\\App.tsx","statementMap":{"0":{"start":{"line":10,"column":0},"end":{"line":10,"column":16}},"1":{"start":{"line":1,"column":0},"end":{"line":1,"column":64}},"2":{"start":{"line":2,"column":0},"end":{"line":2,"column":41}},"3":{"start":{"line":3,"column":0},"end":{"line":3,"column":32}},"4":{"start":{"line":4,"column":0},"end":{"line":4,"column":46}},"5":{"start":{"line":5,"column":0},"end":{"line":5,"column":42}},"6":{"start":{"line":6,"column":0},"end":{"line":6,"column":55}},"7":{"start":{"line":7,"column":0},"end":{"line":7,"column":55}},"8":{"start":{"line":8,"column":0},"end":{"line":8,"column":57}},"9":{"start":{"line":11,"column":2},"end":{"line":28,"column":4}}},"fnMap":{"0":{"name":"App","decl":{"start":{"line":10,"column":16},"end":{"line":10,"column":19}},"loc":{"start":{"line":10,"column":19},"end":{"line":29,"column":1}}}},"branchMap":{},"s":{"0":0,"1":0,"2":0,"3":0,"4":0,"5":0,"6":0,"7":0,"8":0,"9":0},"f":{"0":0},"b":{}}
,"C:\\Users\\91735\\Downloads\\abhijeet_august\\movieApp\\appV3\\src\\test-utils.tsx": {"path":"C:\\Users\\91735\\Downloads\\abhijeet_august\\movieApp\\appV3\\src\\test-utils.tsx","statementMap":{"0":{"start":{"line":28,"column":9},"end":{"line":28,"column":15}},"1":{"start":{"line":1,"column":0},"end":{"line":1,"column":26}},"2":{"start":{"line":2,"column":0},"end":{"line":2,"column":61}},"3":{"start":{"line":3,"column":0},"end":{"line":3,"column":49}},"4":{"start":{"line":4,"column":0},"end":{"line":4,"column":56}},"5":{"start":{"line":5,"column":0},"end":{"line":5,"column":58}},"6":{"start":{"line":6,"column":0},"end":{"line":6,"column":56}},"7":{"start":{"line":9,"column":2},"end":{"line":9,"column":51}},"8":{"start":{"line":11,"column":2},"end":{"line":23,"column":5}},"9":{"start":{"line":13,"column":6},"end":{"line":20,"column":null}},"10":{"start":{"line":27,"column":0},"end":{"line":27,"column":39}}},"fnMap":{"0":{"name":"render","decl":{"start":{"line":8,"column":9},"end":{"line":8,"column":15}},"loc":{"start":{"line":8,"column":60},"end":{"line":24,"column":1}}},"1":{"name":"(anonymous_6)","decl":{"start":{"line":12,"column":13},"end":{"line":12,"column":14}},"loc":{"start":{"line":13,"column":6},"end":{"line":20,"column":null}}}},"branchMap":{"0":{"loc":{"start":{"line":8,"column":40},"end":{"line":8,"column":60}},"type":"default-arg","locations":[{"start":{"line":8,"column":58},"end":{"line":8,"column":60}}]},"1":{"loc":{"start":{"line":8,"column":42},"end":{"line":8,"column":53}},"type":"default-arg","locations":[{"start":{"line":8,"column":50},"end":{"line":8,"column":53}}]}},"s":{"0":0,"1":0,"2":0,"3":0,"4":0,"5":0,"6":0,"7":0,"8":0,"9":0,"10":0},"f":{"0":0,"1":0},"b":{"0":[0],"1":[0]}}
,"C:\\Users\\91735\\Downloads\\abhijeet_august\\movieApp\\appV3\\src\\components\\GenreButtons.tsx": {"path":"C:\\Users\\91735\\Downloads\\abhijeet_august\\movieApp\\appV3\\src\\components\\GenreButtons.tsx","statementMap":{"0":{"start":{"line":1,"column":0},"end":{"line":1,"column":26}},"1":{"start":{"line":2,"column":0},"end":{"line":2,"column":54}},"2":{"start":{"line":9,"column":31},"end":{"line":52,"column":1}},"3":{"start":{"line":10,"column":88},"end":{"line":10,"column":100}},"4":{"start":{"line":12,"column":2},"end":{"line":14,"column":3}},"5":{"start":{"line":13,"column":4},"end":{"line":13,"column":72}},"6":{"start":{"line":16,"column":27},"end":{"line":22,"column":3}},"7":{"start":{"line":17,"column":4},"end":{"line":21,"column":5}},"8":{"start":{"line":18,"column":6},"end":{"line":18,"column":36}},"9":{"start":{"line":20,"column":6},"end":{"line":20,"column":45}},"10":{"start":{"line":24,"column":2},"end":{"line":51,"column":4}},"11":{"start":{"line":27,"column":23},"end":{"line":27,"column":45}},"12":{"start":{"line":38,"column":8},"end":{"line":39,"column":null}},"13":{"start":{"line":40,"column":25},"end":{"line":40,"column":48}},"14":{"start":{"line":54,"column":0},"end":{"line":54,"column":28}}},"fnMap":{"0":{"name":"(anonymous_1)","decl":{"start":{"line":9,"column":31},"end":{"line":9,"column":34}},"loc":{"start":{"line":9,"column":36},"end":{"line":52,"column":1}}},"1":{"name":"(anonymous_2)","decl":{"start":{"line":16,"column":27},"end":{"line":16,"column":28}},"loc":{"start":{"line":16,"column":51},"end":{"line":22,"column":3}}},"2":{"name":"(anonymous_3)","decl":{"start":{"line":27,"column":17},"end":{"line":27,"column":20}},"loc":{"start":{"line":27,"column":23},"end":{"line":27,"column":45}}},"3":{"name":"(anonymous_4)","decl":{"start":{"line":37,"column":18},"end":{"line":37,"column":23}},"loc":{"start":{"line":38,"column":8},"end":{"line":39,"column":null}}},"4":{"name":"(anonymous_5)","decl":{"start":{"line":40,"column":19},"end":{"line":40,"column":22}},"loc":{"start":{"line":40,"column":25},"end":{"line":40,"column":48}}}},"branchMap":{"0":{"loc":{"start":{"line":12,"column":2},"end":{"line":14,"column":3}},"type":"if","locations":[{"start":{"line":12,"column":2},"end":{"line":14,"column":3}}]},"1":{"loc":{"start":{"line":17,"column":4},"end":{"line":21,"column":5}},"type":"if","locations":[{"start":{"line":17,"column":4},"end":{"line":21,"column":5}},{"start":{"line":19,"column":11},"end":{"line":21,"column":5}}]},"2":{"loc":{"start":{"line":29,"column":10},"end":{"line":31,"column":null}},"type":"cond-expr","locations":[{"start":{"line":30,"column":14},"end":{"line":30,"column":59}},{"start":{"line":31,"column":14},"end":{"line":31,"column":null}}]},"3":{"loc":{"start":{"line":42,"column":12},"end":{"line":44,"column":null}},"type":"cond-expr","locations":[{"start":{"line":43,"column":16},"end":{"line":43,"column":61}},{"start":{"line":44,"column":16},"end":{"line":44,"column":null}}]}},"s":{"0":1,"1":1,"2":1,"3":27,"4":27,"5":10,"6":17,"7":6,"8":1,"9":5,"10":17,"11":1,"12":51,"13":5,"14":1},"f":{"0":27,"1":6,"2":1,"3":51,"4":5},"b":{"0":[10],"1":[1,5],"2":[11,6],"3":[6,45]}}
,"C:\\Users\\91735\\Downloads\\abhijeet_august\\movieApp\\appV3\\src\\components\\Header.tsx": {"path":"C:\\Users\\91735\\Downloads\\abhijeet_august\\movieApp\\appV3\\src\\components\\Header.tsx","statementMap":{"0":{"start":{"line":1,"column":0},"end":{"line":1,"column":26}},"1":{"start":{"line":2,"column":0},"end":{"line":2,"column":40}},"2":{"start":{"line":3,"column":0},"end":{"line":3,"column":52}},"3":{"start":{"line":4,"column":0},"end":{"line":4,"column":40}},"4":{"start":{"line":5,"column":0},"end":{"line":5,"column":51}},"5":{"start":{"line":7,"column":25},"end":{"line":41,"column":1}},"6":{"start":{"line":8,"column":24},"end":{"line":8,"column":35}},"7":{"start":{"line":10,"column":2},"end":{"line":40,"column":4}},"8":{"start":{"line":43,"column":0},"end":{"line":43,"column":22}}},"fnMap":{"0":{"name":"(anonymous_1)","decl":{"start":{"line":7,"column":25},"end":{"line":7,"column":28}},"loc":{"start":{"line":7,"column":30},"end":{"line":41,"column":1}}}},"branchMap":{"0":{"loc":{"start":{"line":24,"column":14},"end":{"line":24,"column":null}},"type":"cond-expr","locations":[{"start":{"line":24,"column":37},"end":{"line":24,"column":67}},{"start":{"line":24,"column":70},"end":{"line":24,"column":null}}]},"1":{"loc":{"start":{"line":29,"column":15},"end":{"line":32,"column":null}},"type":"binary-expr","locations":[{"start":{"line":29,"column":15},"end":{"line":29,"column":35}},{"start":{"line":30,"column":16},"end":{"line":31,"column":null}}]}},"s":{"0":0,"1":0,"2":0,"3":0,"4":0,"5":0,"6":0,"7":0,"8":0},"f":{"0":0},"b":{"0":[0,0],"1":[0,0]}}
,"C:\\Users\\91735\\Downloads\\abhijeet_august\\movieApp\\appV3\\src\\components\\MovieCard.tsx": {"path":"C:\\Users\\91735\\Downloads\\abhijeet_august\\movieApp\\appV3\\src\\components\\MovieCard.tsx","statementMap":{"0":{"start":{"line":1,"column":0},"end":{"line":1,"column":26}},"1":{"start":{"line":2,"column":0},"end":{"line":2,"column":40}},"2":{"start":{"line":3,"column":0},"end":{"line":3,"column":54}},"3":{"start":{"line":5,"column":0},"end":{"line":5,"column":55}},"4":{"start":{"line":6,"column":0},"end":{"line":6,"column":31}},"5":{"start":{"line":7,"column":0},"end":{"line":7,"column":49}},"6":{"start":{"line":8,"column":0},"end":{"line":8,"column":47}},"7":{"start":{"line":14,"column":44},"end":{"line":62,"column":1}},"8":{"start":{"line":15,"column":21},"end":{"line":15,"column":33}},"9":{"start":{"line":17,"column":22},"end":{"line":19,"column":16}},"10":{"start":{"line":18,"column":21},"end":{"line":18,"column":55}},"11":{"start":{"line":21,"column":2},"end":{"line":61,"column":4}},"12":{"start":{"line":39,"column":18},"end":{"line":39,"column":40}},"13":{"start":{"line":64,"column":0},"end":{"line":64,"column":25}}},"fnMap":{"0":{"name":"(anonymous_1)","decl":{"start":{"line":14,"column":44},"end":{"line":14,"column":45}},"loc":{"start":{"line":14,"column":58},"end":{"line":62,"column":1}}},"1":{"name":"(anonymous_2)","decl":{"start":{"line":18,"column":12},"end":{"line":18,"column":17}},"loc":{"start":{"line":18,"column":21},"end":{"line":18,"column":55}}},"2":{"name":"(anonymous_3)","decl":{"start":{"line":38,"column":33},"end":{"line":38,"column":38}},"loc":{"start":{"line":39,"column":18},"end":{"line":39,"column":40}}}},"branchMap":{"0":{"loc":{"start":{"line":25,"column":15},"end":{"line":25,"column":93}},"type":"cond-expr","locations":[{"start":{"line":25,"column":35},"end":{"line":25,"column":88}},{"start":{"line":25,"column":91},"end":{"line":25,"column":93}}]},"1":{"loc":{"start":{"line":36,"column":13},"end":{"line":43,"column":null}},"type":"binary-expr","locations":[{"start":{"line":36,"column":13},"end":{"line":36,"column":35}},{"start":{"line":37,"column":14},"end":{"line":42,"column":null}}]}},"s":{"0":1,"1":1,"2":1,"3":1,"4":1,"5":1,"6":1,"7":1,"8":0,"9":0,"10":0,"11":0,"12":0,"13":1},"f":{"0":0,"1":0,"2":0},"b":{"0":[0,0],"1":[0,0]}}
,"C:\\Users\\91735\\Downloads\\abhijeet_august\\movieApp\\appV3\\src\\components\\NavBar.tsx": {"path":"C:\\Users\\91735\\Downloads\\abhijeet_august\\movieApp\\appV3\\src\\components\\NavBar.tsx","statementMap":{"0":{"start":{"line":1,"column":0},"end":{"line":1,"column":26}},"1":{"start":{"line":2,"column":0},"end":{"line":2,"column":40}},"2":{"start":{"line":3,"column":0},"end":{"line":3,"column":41}},"3":{"start":{"line":12,"column":38},"end":{"line":37,"column":1}},"4":{"start":{"line":18,"column":2},"end":{"line":36,"column":4}},"5":{"start":{"line":39,"column":0},"end":{"line":39,"column":22}}},"fnMap":{"0":{"name":"(anonymous_1)","decl":{"start":{"line":12,"column":38},"end":{"line":12,"column":39}},"loc":{"start":{"line":17,"column":5},"end":{"line":37,"column":1}}}},"branchMap":{"0":{"loc":{"start":{"line":13,"column":2},"end":{"line":13,"column":12}},"type":"default-arg","locations":[{"start":{"line":13,"column":10},"end":{"line":13,"column":12}}]},"1":{"loc":{"start":{"line":15,"column":2},"end":{"line":15,"column":15}},"type":"default-arg","locations":[{"start":{"line":15,"column":12},"end":{"line":15,"column":15}}]},"2":{"loc":{"start":{"line":16,"column":2},"end":{"line":16,"column":30}},"type":"default-arg","locations":[{"start":{"line":16,"column":14},"end":{"line":16,"column":30}}]},"3":{"loc":{"start":{"line":21,"column":9},"end":{"line":28,"column":null}},"type":"binary-expr","locations":[{"start":{"line":21,"column":9},"end":{"line":21,"column":16}},{"start":{"line":22,"column":10},"end":{"line":27,"column":null}}]},"4":{"loc":{"start":{"line":31,"column":11},"end":{"line":31,"column":55}},"type":"binary-expr","locations":[{"start":{"line":31,"column":11},"end":{"line":31,"column":15}},{"start":{"line":31,"column":19},"end":{"line":31,"column":55}}]}},"s":{"0":1,"1":1,"2":1,"3":1,"4":4,"5":1},"f":{"0":4},"b":{"0":[0],"1":[4],"2":[4],"3":[4,4],"4":[4,4]}}
,"C:\\Users\\91735\\Downloads\\abhijeet_august\\movieApp\\appV3\\src\\components\\SearchBar.tsx": {"path":"C:\\Users\\91735\\Downloads\\abhijeet_august\\movieApp\\appV3\\src\\components\\SearchBar.tsx","statementMap":{"0":{"start":{"line":1,"column":0},"end":{"line":1,"column":72}},"1":{"start":{"line":2,"column":0},"end":{"line":2,"column":49}},"2":{"start":{"line":3,"column":0},"end":{"line":3,"column":54}},"3":{"start":{"line":4,"column":0},"end":{"line":4,"column":37}},"4":{"start":{"line":6,"column":28},"end":{"line":71,"column":1}},"5":{"start":{"line":7,"column":42},"end":{"line":7,"column":54}},"6":{"start":{"line":8,"column":38},"end":{"line":8,"column":59}},"7":{"start":{"line":9,"column":27},"end":{"line":9,"column":51}},"8":{"start":{"line":11,"column":23},"end":{"line":23,"column":null}},"9":{"start":{"line":14,"column":6},"end":{"line":16,"column":7}},"10":{"start":{"line":15,"column":8},"end":{"line":15,"column":47}},"11":{"start":{"line":19,"column":6},"end":{"line":21,"column":39}},"12":{"start":{"line":20,"column":8},"end":{"line":20,"column":30}},"13":{"start":{"line":27,"column":2},"end":{"line":33,"column":9}},"14":{"start":{"line":28,"column":4},"end":{"line":32,"column":6}},"15":{"start":{"line":29,"column":6},"end":{"line":31,"column":7}},"16":{"start":{"line":30,"column":8},"end":{"line":30,"column":47}},"17":{"start":{"line":35,"column":28},"end":{"line":39,"column":3}},"18":{"start":{"line":36,"column":18},"end":{"line":36,"column":32}},"19":{"start":{"line":37,"column":4},"end":{"line":37,"column":25}},"20":{"start":{"line":38,"column":4},"end":{"line":38,"column":24}},"21":{"start":{"line":41,"column":22},"end":{"line":47,"column":3}},"22":{"start":{"line":42,"column":4},"end":{"line":42,"column":22}},"23":{"start":{"line":43,"column":4},"end":{"line":43,"column":23}},"24":{"start":{"line":44,"column":4},"end":{"line":46,"column":5}},"25":{"start":{"line":45,"column":6},"end":{"line":45,"column":45}},"26":{"start":{"line":49,"column":2},"end":{"line":70,"column":4}},"27":{"start":{"line":73,"column":0},"end":{"line":73,"column":25}}},"fnMap":{"0":{"name":"(anonymous_10)","decl":{"start":{"line":6,"column":28},"end":{"line":6,"column":31}},"loc":{"start":{"line":6,"column":33},"end":{"line":71,"column":1}}},"1":{"name":"(anonymous_11)","decl":{"start":{"line":12,"column":4},"end":{"line":12,"column":5}},"loc":{"start":{"line":12,"column":22},"end":{"line":22,"column":5}}},"2":{"name":"(anonymous_12)","decl":{"start":{"line":19,"column":44},"end":{"line":19,"column":47}},"loc":{"start":{"line":19,"column":49},"end":{"line":21,"column":7}}},"3":{"name":"(anonymous_13)","decl":{"start":{"line":27,"column":12},"end":{"line":27,"column":15}},"loc":{"start":{"line":27,"column":17},"end":{"line":33,"column":3}}},"4":{"name":"(anonymous_14)","decl":{"start":{"line":28,"column":11},"end":{"line":28,"column":14}},"loc":{"start":{"line":28,"column":16},"end":{"line":32,"column":5}}},"5":{"name":"(anonymous_15)","decl":{"start":{"line":35,"column":28},"end":{"line":35,"column":29}},"loc":{"start":{"line":35,"column":71},"end":{"line":39,"column":3}}},"6":{"name":"(anonymous_16)","decl":{"start":{"line":41,"column":22},"end":{"line":41,"column":25}},"loc":{"start":{"line":41,"column":27},"end":{"line":47,"column":3}}}},"branchMap":{"0":{"loc":{"start":{"line":14,"column":6},"end":{"line":16,"column":7}},"type":"if","locations":[{"start":{"line":14,"column":6},"end":{"line":16,"column":7}}]},"1":{"loc":{"start":{"line":29,"column":6},"end":{"line":31,"column":7}},"type":"if","locations":[{"start":{"line":29,"column":6},"end":{"line":31,"column":7}}]},"2":{"loc":{"start":{"line":44,"column":4},"end":{"line":46,"column":5}},"type":"if","locations":[{"start":{"line":44,"column":4},"end":{"line":46,"column":5}}]},"3":{"loc":{"start":{"line":60,"column":9},"end":{"line":66,"column":null}},"type":"binary-expr","locations":[{"start":{"line":60,"column":9},"end":{"line":60,"column":19}},{"start":{"line":61,"column":10},"end":{"line":65,"column":null}}]}},"s":{"0":1,"1":1,"2":1,"3":1,"4":1,"5":30,"6":30,"7":30,"8":30,"9":20,"10":18,"11":20,"12":1,"13":30,"14":4,"15":4,"16":2,"17":30,"18":20,"19":20,"20":20,"21":30,"22":1,"23":1,"24":1,"25":1,"26":30,"27":1},"f":{"0":30,"1":20,"2":1,"3":4,"4":4,"5":20,"6":1},"b":{"0":[18],"1":[2],"2":[1],"3":[30,21]}}
,"C:\\Users\\91735\\Downloads\\abhijeet_august\\movieApp\\appV3\\src\\components\\SkeletonLoader.tsx": {"path":"C:\\Users\\91735\\Downloads\\abhijeet_august\\movieApp\\appV3\\src\\components\\SkeletonLoader.tsx","statementMap":{"0":{"start":{"line":1,"column":0},"end":{"line":1,"column":26}},"1":{"start":{"line":6,"column":49},"end":{"line":8,"column":83}},"2":{"start":{"line":8,"column":6},"end":{"line":8,"column":83}},"3":{"start":{"line":6,"column":13},"end":{"line":6,"column":49}},"4":{"start":{"line":10,"column":43},"end":{"line":24,"column":1}},"5":{"start":{"line":11,"column":2},"end":{"line":23,"column":4}},"6":{"start":{"line":10,"column":13},"end":{"line":10,"column":43}},"7":{"start":{"line":26,"column":45},"end":{"line":46,"column":null}},"8":{"start":{"line":26,"column":51},"end":{"line":46,"column":null}},"9":{"start":{"line":40,"column":30},"end":{"line":40,"column":48}},"10":{"start":{"line":26,"column":13},"end":{"line":26,"column":45}}},"fnMap":{"0":{"name":"(anonymous_1)","decl":{"start":{"line":6,"column":49},"end":{"line":6,"column":50}},"loc":{"start":{"line":8,"column":6},"end":{"line":8,"column":83}}},"1":{"name":"(anonymous_2)","decl":{"start":{"line":10,"column":43},"end":{"line":10,"column":46}},"loc":{"start":{"line":10,"column":48},"end":{"line":24,"column":1}}},"2":{"name":"(anonymous_3)","decl":{"start":{"line":26,"column":45},"end":{"line":26,"column":48}},"loc":{"start":{"line":26,"column":51},"end":{"line":46,"column":null}}},"3":{"name":"(anonymous_4)","decl":{"start":{"line":40,"column":25},"end":{"line":40,"column":26}},"loc":{"start":{"line":40,"column":30},"end":{"line":40,"column":48}}}},"branchMap":{"0":{"loc":{"start":{"line":7,"column":2},"end":{"line":7,"column":16}},"type":"default-arg","locations":[{"start":{"line":7,"column":14},"end":{"line":7,"column":16}}]}},"s":{"0":1,"1":1,"2":48,"3":1,"4":1,"5":12,"6":1,"7":1,"8":0,"9":0,"10":1},"f":{"0":48,"1":12,"2":0,"3":0},"b":{"0":[0]}}
,"C:\\Users\\91735\\Downloads\\abhijeet_august\\movieApp\\appV3\\src\\components\\ThemeToggle.tsx": {"path":"C:\\Users\\91735\\Downloads\\abhijeet_august\\movieApp\\appV3\\src\\components\\ThemeToggle.tsx","statementMap":{"0":{"start":{"line":1,"column":0},"end":{"line":1,"column":26}},"1":{"start":{"line":2,"column":0},"end":{"line":2,"column":49}},"2":{"start":{"line":3,"column":0},"end":{"line":3,"column":51}},"3":{"start":{"line":4,"column":30},"end":{"line":12,"column":1}},"4":{"start":{"line":8,"column":6},"end":{"line":8,"column":16}},"5":{"start":{"line":9,"column":2},"end":{"line":11,"column":14}},"6":{"start":{"line":13,"column":0},"end":{"line":13,"column":27}}},"fnMap":{"0":{"name":"(anonymous_1)","decl":{"start":{"line":4,"column":30},"end":{"line":4,"column":33}},"loc":{"start":{"line":4,"column":35},"end":{"line":12,"column":1}}}},"branchMap":{"0":{"loc":{"start":{"line":9,"column":150},"end":{"line":9,"column":207}},"type":"cond-expr","locations":[{"start":{"line":9,"column":161},"end":{"line":9,"column":183}},{"start":{"line":9,"column":186},"end":{"line":9,"column":207}}]},"1":{"loc":{"start":{"line":10,"column":7},"end":{"line":10,"column":64}},"type":"cond-expr","locations":[{"start":{"line":10,"column":18},"end":{"line":10,"column":39}},{"start":{"line":10,"column":42},"end":{"line":10,"column":64}}]}},"s":{"0":0,"1":0,"2":0,"3":0,"4":0,"5":0,"6":0},"f":{"0":0},"b":{"0":[0,0],"1":[0,0]}}
,"C:\\Users\\91735\\Downloads\\abhijeet_august\\movieApp\\appV3\\src\\components\\ui\\Badge.tsx": {"path":"C:\\Users\\91735\\Downloads\\abhijeet_august\\movieApp\\appV3\\src\\components\\ui\\Badge.tsx","statementMap":{"0":{"start":{"line":1,"column":0},"end":{"line":1,"column":26}},"1":{"start":{"line":10,"column":36},"end":{"line":34,"column":1}},"2":{"start":{"line":16,"column":21},"end":{"line":16,"column":87}},"3":{"start":{"line":18,"column":19},"end":{"line":22,"column":4}},"4":{"start":{"line":24,"column":16},"end":{"line":27,"column":4}},"5":{"start":{"line":29,"column":2},"end":{"line":33,"column":4}},"6":{"start":{"line":36,"column":0},"end":{"line":36,"column":21}}},"fnMap":{"0":{"name":"(anonymous_1)","decl":{"start":{"line":10,"column":36},"end":{"line":10,"column":37}},"loc":{"start":{"line":15,"column":5},"end":{"line":34,"column":1}}}},"branchMap":{"0":{"loc":{"start":{"line":12,"column":2},"end":{"line":12,"column":21}},"type":"default-arg","locations":[{"start":{"line":12,"column":12},"end":{"line":12,"column":21}}]},"1":{"loc":{"start":{"line":13,"column":2},"end":{"line":13,"column":13}},"type":"default-arg","locations":[{"start":{"line":13,"column":9},"end":{"line":13,"column":13}}]},"2":{"loc":{"start":{"line":14,"column":2},"end":{"line":14,"column":16}},"type":"default-arg","locations":[{"start":{"line":14,"column":14},"end":{"line":14,"column":16}}]}},"s":{"0":1,"1":1,"2":0,"3":0,"4":0,"5":0,"6":1},"f":{"0":0},"b":{"0":[0],"1":[0],"2":[0]}}
,"C:\\Users\\91735\\Downloads\\abhijeet_august\\movieApp\\appV3\\src\\components\\ui\\Button.tsx": {"path":"C:\\Users\\91735\\Downloads\\abhijeet_august\\movieApp\\appV3\\src\\components\\ui\\Button.tsx","statementMap":{"0":{"start":{"line":1,"column":0},"end":{"line":1,"column":26}},"1":{"start":{"line":2,"column":0},"end":{"line":2,"column":43}},"2":{"start":{"line":16,"column":38},"end":{"line":63,"column":1}},"3":{"start":{"line":27,"column":21},"end":{"line":27,"column":130}},"4":{"start":{"line":29,"column":19},"end":{"line":33,"column":4}},"5":{"start":{"line":35,"column":16},"end":{"line":39,"column":4}},"6":{"start":{"line":41,"column":16},"end":{"line":41,"column":41}},"7":{"start":{"line":42,"column":25},"end":{"line":42,"column":87}},"8":{"start":{"line":44,"column":2},"end":{"line":62,"column":4}},"9":{"start":{"line":65,"column":0},"end":{"line":65,"column":22}}},"fnMap":{"0":{"name":"(anonymous_1)","decl":{"start":{"line":16,"column":38},"end":{"line":16,"column":39}},"loc":{"start":{"line":26,"column":5},"end":{"line":63,"column":1}}}},"branchMap":{"0":{"loc":{"start":{"line":18,"column":2},"end":{"line":18,"column":21}},"type":"default-arg","locations":[{"start":{"line":18,"column":12},"end":{"line":18,"column":21}}]},"1":{"loc":{"start":{"line":19,"column":2},"end":{"line":19,"column":13}},"type":"default-arg","locations":[{"start":{"line":19,"column":9},"end":{"line":19,"column":13}}]},"2":{"loc":{"start":{"line":20,"column":2},"end":{"line":20,"column":19}},"type":"default-arg","locations":[{"start":{"line":20,"column":14},"end":{"line":20,"column":19}}]},"3":{"loc":{"start":{"line":23,"column":2},"end":{"line":23,"column":19}},"type":"default-arg","locations":[{"start":{"line":23,"column":14},"end":{"line":23,"column":19}}]},"4":{"loc":{"start":{"line":24,"column":2},"end":{"line":24,"column":18}},"type":"default-arg","locations":[{"start":{"line":24,"column":13},"end":{"line":24,"column":18}}]},"5":{"loc":{"start":{"line":25,"column":2},"end":{"line":25,"column":16}},"type":"default-arg","locations":[{"start":{"line":25,"column":14},"end":{"line":25,"column":16}}]},"6":{"loc":{"start":{"line":41,"column":16},"end":{"line":41,"column":41}},"type":"cond-expr","locations":[{"start":{"line":41,"column":28},"end":{"line":41,"column":36}},{"start":{"line":41,"column":39},"end":{"line":41,"column":41}}]},"7":{"loc":{"start":{"line":42,"column":25},"end":{"line":42,"column":87}},"type":"cond-expr","locations":[{"start":{"line":42,"column":51},"end":{"line":42,"column":82}},{"start":{"line":42,"column":85},"end":{"line":42,"column":87}}]},"8":{"loc":{"start":{"line":42,"column":26},"end":{"line":42,"column":47}},"type":"binary-expr","locations":[{"start":{"line":42,"column":26},"end":{"line":42,"column":34}},{"start":{"line":42,"column":38},"end":{"line":42,"column":47}}]},"9":{"loc":{"start":{"line":47,"column":16},"end":{"line":47,"column":37}},"type":"binary-expr","locations":[{"start":{"line":47,"column":16},"end":{"line":47,"column":24}},{"start":{"line":47,"column":28},"end":{"line":47,"column":37}}]},"10":{"loc":{"start":{"line":50,"column":7},"end":{"line":59,"column":null}},"type":"cond-expr","locations":[{"start":{"line":51,"column":8},"end":{"line":53,"column":null}},{"start":{"line":56,"column":8},"end":{"line":58,"column":null}}]},"11":{"loc":{"start":{"line":52,"column":54},"end":{"line":52,"column":98}},"type":"cond-expr","locations":[{"start":{"line":52,"column":70},"end":{"line":52,"column":72}},{"start":{"line":52,"column":75},"end":{"line":52,"column":98}}]},"12":{"loc":{"start":{"line":52,"column":75},"end":{"line":52,"column":98}},"type":"cond-expr","locations":[{"start":{"line":52,"column":91},"end":{"line":52,"column":93}},{"start":{"line":52,"column":96},"end":{"line":52,"column":98}}]}},"s":{"0":1,"1":1,"2":1,"3":1,"4":1,"5":1,"6":1,"7":1,"8":1,"9":1},"f":{"0":1},"b":{"0":[0],"1":[1],"2":[1],"3":[1],"4":[1],"5":[1],"6":[0,1],"7":[0,1],"8":[1,1],"9":[1,1],"10":[0,1],"11":[0,0],"12":[0,0]}}
,"C:\\Users\\91735\\Downloads\\abhijeet_august\\movieApp\\appV3\\src\\components\\ui\\FavoriteButton.tsx": {"path":"C:\\Users\\91735\\Downloads\\abhijeet_august\\movieApp\\appV3\\src\\components\\ui\\FavoriteButton.tsx","statementMap":{"0":{"start":{"line":1,"column":0},"end":{"line":1,"column":26}},"1":{"start":{"line":2,"column":0},"end":{"line":2,"column":37}},"2":{"start":{"line":3,"column":0},"end":{"line":3,"column":55}},"3":{"start":{"line":11,"column":54},"end":{"line":37,"column":1}},"4":{"start":{"line":12,"column":62},"end":{"line":12,"column":73}},"5":{"start":{"line":13,"column":26},"end":{"line":13,"column":46}},"6":{"start":{"line":15,"column":22},"end":{"line":22,"column":3}},"7":{"start":{"line":16,"column":4},"end":{"line":16,"column":23}},"8":{"start":{"line":17,"column":4},"end":{"line":21,"column":5}},"9":{"start":{"line":18,"column":6},"end":{"line":18,"column":36}},"10":{"start":{"line":20,"column":6},"end":{"line":20,"column":28}},"11":{"start":{"line":24,"column":2},"end":{"line":36,"column":4}},"12":{"start":{"line":39,"column":0},"end":{"line":39,"column":30}}},"fnMap":{"0":{"name":"(anonymous_1)","decl":{"start":{"line":11,"column":54},"end":{"line":11,"column":55}},"loc":{"start":{"line":11,"column":84},"end":{"line":37,"column":1}}},"1":{"name":"(anonymous_2)","decl":{"start":{"line":15,"column":22},"end":{"line":15,"column":23}},"loc":{"start":{"line":15,"column":46},"end":{"line":22,"column":3}}}},"branchMap":{"0":{"loc":{"start":{"line":11,"column":64},"end":{"line":11,"column":78}},"type":"default-arg","locations":[{"start":{"line":11,"column":76},"end":{"line":11,"column":78}}]},"1":{"loc":{"start":{"line":17,"column":4},"end":{"line":21,"column":5}},"type":"if","locations":[{"start":{"line":17,"column":4},"end":{"line":21,"column":5}},{"start":{"line":19,"column":11},"end":{"line":21,"column":5}}]},"2":{"loc":{"start":{"line":28,"column":8},"end":{"line":30,"column":null}},"type":"cond-expr","locations":[{"start":{"line":29,"column":12},"end":{"line":29,"column":35}},{"start":{"line":30,"column":12},"end":{"line":30,"column":null}}]},"3":{"loc":{"start":{"line":32,"column":18},"end":{"line":32,"column":80}},"type":"cond-expr","locations":[{"start":{"line":32,"column":36},"end":{"line":32,"column":59}},{"start":{"line":32,"column":62},"end":{"line":32,"column":80}}]},"4":{"loc":{"start":{"line":34,"column":29},"end":{"line":34,"column":70}},"type":"cond-expr","locations":[{"start":{"line":34,"column":47},"end":{"line":34,"column":61}},{"start":{"line":34,"column":64},"end":{"line":34,"column":70}}]}},"s":{"0":1,"1":1,"2":1,"3":1,"4":0,"5":0,"6":0,"7":0,"8":0,"9":0,"10":0,"11":0,"12":1},"f":{"0":0,"1":0},"b":{"0":[0],"1":[0,0],"2":[0,0],"3":[0,0],"4":[0,0]}}
,"C:\\Users\\91735\\Downloads\\abhijeet_august\\movieApp\\appV3\\src\\components\\ui\\Grid.tsx": {"path":"C:\\Users\\91735\\Downloads\\abhijeet_august\\movieApp\\appV3\\src\\components\\ui\\Grid.tsx","statementMap":{"0":{"start":{"line":1,"column":0},"end":{"line":1,"column":26}},"1":{"start":{"line":10,"column":34},"end":{"line":37,"column":1}},"2":{"start":{"line":16,"column":23},"end":{"line":21,"column":4}},"3":{"start":{"line":23,"column":20},"end":{"line":27,"column":4}},"4":{"start":{"line":29,"column":2},"end":{"line":36,"column":4}},"5":{"start":{"line":39,"column":0},"end":{"line":39,"column":20}}},"fnMap":{"0":{"name":"(anonymous_1)","decl":{"start":{"line":10,"column":34},"end":{"line":10,"column":35}},"loc":{"start":{"line":15,"column":5},"end":{"line":37,"column":1}}}},"branchMap":{"0":{"loc":{"start":{"line":12,"column":2},"end":{"line":12,"column":13}},"type":"default-arg","locations":[{"start":{"line":12,"column":12},"end":{"line":12,"column":13}}]},"1":{"loc":{"start":{"line":13,"column":2},"end":{"line":13,"column":12}},"type":"default-arg","locations":[{"start":{"line":13,"column":8},"end":{"line":13,"column":12}}]},"2":{"loc":{"start":{"line":14,"column":2},"end":{"line":14,"column":16}},"type":"default-arg","locations":[{"start":{"line":14,"column":14},"end":{"line":14,"column":16}}]}},"s":{"0":0,"1":0,"2":0,"3":0,"4":0,"5":0},"f":{"0":0},"b":{"0":[0],"1":[0],"2":[0]}}
,"C:\\Users\\91735\\Downloads\\abhijeet_august\\movieApp\\appV3\\src\\components\\ui\\ImageWithFallback.tsx": {"path":"C:\\Users\\91735\\Downloads\\abhijeet_august\\movieApp\\appV3\\src\\components\\ui\\ImageWithFallback.tsx","statementMap":{"0":{"start":{"line":1,"column":0},"end":{"line":1,"column":40}},"1":{"start":{"line":2,"column":0},"end":{"line":2,"column":50}},"2":{"start":{"line":11,"column":60},"end":{"line":37,"column":1}},"3":{"start":{"line":17,"column":34},"end":{"line":17,"column":49}},"4":{"start":{"line":19,"column":2},"end":{"line":26,"column":3}},"5":{"start":{"line":20,"column":4},"end":{"line":25,"column":6}},"6":{"start":{"line":28,"column":2},"end":{"line":36,"column":4}},"7":{"start":{"line":33,"column":21},"end":{"line":33,"column":38}},"8":{"start":{"line":39,"column":0},"end":{"line":39,"column":33}}},"fnMap":{"0":{"name":"(anonymous_9)","decl":{"start":{"line":11,"column":60},"end":{"line":11,"column":61}},"loc":{"start":{"line":16,"column":5},"end":{"line":37,"column":1}}},"1":{"name":"(anonymous_10)","decl":{"start":{"line":33,"column":15},"end":{"line":33,"column":18}},"loc":{"start":{"line":33,"column":21},"end":{"line":33,"column":38}}}},"branchMap":{"0":{"loc":{"start":{"line":14,"column":2},"end":{"line":14,"column":16}},"type":"default-arg","locations":[{"start":{"line":14,"column":14},"end":{"line":14,"column":16}}]},"1":{"loc":{"start":{"line":15,"column":2},"end":{"line":15,"column":24}},"type":"default-arg","locations":[{"start":{"line":15,"column":22},"end":{"line":15,"column":24}}]},"2":{"loc":{"start":{"line":19,"column":2},"end":{"line":26,"column":3}},"type":"if","locations":[{"start":{"line":19,"column":2},"end":{"line":26,"column":3}}]},"3":{"loc":{"start":{"line":19,"column":6},"end":{"line":19,"column":22}},"type":"binary-expr","locations":[{"start":{"line":19,"column":6},"end":{"line":19,"column":10}},{"start":{"line":19,"column":14},"end":{"line":19,"column":22}}]}},"s":{"0":1,"1":1,"2":1,"3":0,"4":0,"5":0,"6":0,"7":0,"8":1},"f":{"0":0,"1":0},"b":{"0":[0],"1":[0],"2":[0],"3":[0,0]}}
,"C:\\Users\\91735\\Downloads\\abhijeet_august\\movieApp\\appV3\\src\\components\\ui\\MovieCastGrid.tsx": {"path":"C:\\Users\\91735\\Downloads\\abhijeet_august\\movieApp\\appV3\\src\\components\\ui\\MovieCastGrid.tsx","statementMap":{"0":{"start":{"line":1,"column":0},"end":{"line":1,"column":26}},"1":{"start":{"line":3,"column":0},"end":{"line":3,"column":52}},"2":{"start":{"line":18,"column":52},"end":{"line":43,"column":1}},"3":{"start":{"line":23,"column":2},"end":{"line":42,"column":4}},"4":{"start":{"line":26,"column":8},"end":{"line":26,"column":28}},"5":{"start":{"line":45,"column":0},"end":{"line":45,"column":29}}},"fnMap":{"0":{"name":"(anonymous_1)","decl":{"start":{"line":18,"column":52},"end":{"line":18,"column":53}},"loc":{"start":{"line":22,"column":5},"end":{"line":43,"column":1}}},"1":{"name":"(anonymous_2)","decl":{"start":{"line":25,"column":32},"end":{"line":25,"column":37}},"loc":{"start":{"line":26,"column":8},"end":{"line":26,"column":28}}}},"branchMap":{"0":{"loc":{"start":{"line":20,"column":2},"end":{"line":20,"column":11}},"type":"default-arg","locations":[{"start":{"line":20,"column":10},"end":{"line":20,"column":11}}]},"1":{"loc":{"start":{"line":21,"column":2},"end":{"line":21,"column":16}},"type":"default-arg","locations":[{"start":{"line":21,"column":14},"end":{"line":21,"column":16}}]},"2":{"loc":{"start":{"line":29,"column":19},"end":{"line":29,"column":99}},"type":"cond-expr","locations":[{"start":{"line":29,"column":40},"end":{"line":29,"column":94}},{"start":{"line":29,"column":97},"end":{"line":29,"column":99}}]}},"s":{"0":0,"1":0,"2":0,"3":0,"4":0,"5":0},"f":{"0":0,"1":0},"b":{"0":[0],"1":[0],"2":[0,0]}}
,"C:\\Users\\91735\\Downloads\\abhijeet_august\\movieApp\\appV3\\src\\components\\ui\\MovieHero.tsx": {"path":"C:\\Users\\91735\\Downloads\\abhijeet_august\\movieApp\\appV3\\src\\components\\ui\\MovieHero.tsx","statementMap":{"0":{"start":{"line":1,"column":0},"end":{"line":1,"column":26}},"1":{"start":{"line":2,"column":0},"end":{"line":2,"column":37}},"2":{"start":{"line":3,"column":0},"end":{"line":3,"column":52}},"3":{"start":{"line":4,"column":0},"end":{"line":4,"column":28}},"4":{"start":{"line":5,"column":0},"end":{"line":5,"column":44}},"5":{"start":{"line":6,"column":0},"end":{"line":6,"column":30}},"6":{"start":{"line":21,"column":44},"end":{"line":95,"column":1}},"7":{"start":{"line":33,"column":2},"end":{"line":94,"column":4}},"8":{"start":{"line":62,"column":18},"end":{"line":62,"column":40}},"9":{"start":{"line":97,"column":0},"end":{"line":97,"column":25}}},"fnMap":{"0":{"name":"(anonymous_1)","decl":{"start":{"line":21,"column":44},"end":{"line":21,"column":45}},"loc":{"start":{"line":32,"column":5},"end":{"line":95,"column":1}}},"1":{"name":"(anonymous_2)","decl":{"start":{"line":61,"column":28},"end":{"line":61,"column":33}},"loc":{"start":{"line":62,"column":18},"end":{"line":62,"column":40}}}},"branchMap":{"0":{"loc":{"start":{"line":37,"column":25},"end":{"line":40,"column":74}},"type":"cond-expr","locations":[{"start":{"line":38,"column":12},"end":{"line":39,"column":69}},{"start":{"line":40,"column":12},"end":{"line":40,"column":74}}]},"1":{"loc":{"start":{"line":48,"column":19},"end":{"line":48,"column":83}},"type":"cond-expr","locations":[{"start":{"line":48,"column":32},"end":{"line":48,"column":78}},{"start":{"line":48,"column":81},"end":{"line":48,"column":83}}]},"2":{"loc":{"start":{"line":59,"column":13},"end":{"line":66,"column":null}},"type":"binary-expr","locations":[{"start":{"line":59,"column":13},"end":{"line":59,"column":30}},{"start":{"line":60,"column":14},"end":{"line":65,"column":null}}]},"3":{"loc":{"start":{"line":83,"column":25},"end":{"line":83,"column":61}},"type":"cond-expr","locations":[{"start":{"line":83,"column":38},"end":{"line":83,"column":47}},{"start":{"line":83,"column":50},"end":{"line":83,"column":61}}]},"4":{"loc":{"start":{"line":84,"column":35},"end":{"line":84,"column":71}},"type":"cond-expr","locations":[{"start":{"line":84,"column":48},"end":{"line":84,"column":62}},{"start":{"line":84,"column":65},"end":{"line":84,"column":71}}]},"5":{"loc":{"start":{"line":85,"column":27},"end":{"line":85,"column":74}},"type":"cond-expr","locations":[{"start":{"line":85,"column":40},"end":{"line":85,"column":69}},{"start":{"line":85,"column":72},"end":{"line":85,"column":74}}]},"6":{"loc":{"start":{"line":87,"column":17},"end":{"line":87,"column":74}},"type":"cond-expr","locations":[{"start":{"line":87,"column":30},"end":{"line":87,"column":53}},{"start":{"line":87,"column":56},"end":{"line":87,"column":74}}]}},"s":{"0":0,"1":0,"2":0,"3":0,"4":0,"5":0,"6":0,"7":0,"8":0,"9":0},"f":{"0":0,"1":0},"b":{"0":[0,0],"1":[0,0],"2":[0,0],"3":[0,0],"4":[0,0],"5":[0,0],"6":[0,0]}}
,"C:\\Users\\91735\\Downloads\\abhijeet_august\\movieApp\\appV3\\src\\components\\ui\\MovieMetadata.tsx": {"path":"C:\\Users\\91735\\Downloads\\abhijeet_august\\movieApp\\appV3\\src\\components\\ui\\MovieMetadata.tsx","statementMap":{"0":{"start":{"line":1,"column":0},"end":{"line":1,"column":26}},"1":{"start":{"line":2,"column":0},"end":{"line":2,"column":47}},"2":{"start":{"line":3,"column":0},"end":{"line":3,"column":30}},"3":{"start":{"line":13,"column":52},"end":{"line":57,"column":1}},"4":{"start":{"line":20,"column":15},"end":{"line":22,"column":15}},"5":{"start":{"line":24,"column":2},"end":{"line":36,"column":3}},"6":{"start":{"line":25,"column":4},"end":{"line":35,"column":6}},"7":{"start":{"line":38,"column":2},"end":{"line":56,"column":4}},"8":{"start":{"line":59,"column":0},"end":{"line":59,"column":29}}},"fnMap":{"0":{"name":"(anonymous_1)","decl":{"start":{"line":13,"column":52},"end":{"line":13,"column":53}},"loc":{"start":{"line":19,"column":5},"end":{"line":57,"column":1}}}},"branchMap":{"0":{"loc":{"start":{"line":17,"column":2},"end":{"line":17,"column":16}},"type":"default-arg","locations":[{"start":{"line":17,"column":14},"end":{"line":17,"column":16}}]},"1":{"loc":{"start":{"line":18,"column":2},"end":{"line":18,"column":21}},"type":"default-arg","locations":[{"start":{"line":18,"column":12},"end":{"line":18,"column":21}}]},"2":{"loc":{"start":{"line":20,"column":15},"end":{"line":22,"column":15}},"type":"cond-expr","locations":[{"start":{"line":21,"column":6},"end":{"line":21,"column":41}},{"start":{"line":22,"column":6},"end":{"line":22,"column":15}}]},"3":{"loc":{"start":{"line":24,"column":2},"end":{"line":36,"column":3}},"type":"if","locations":[{"start":{"line":24,"column":2},"end":{"line":36,"column":3}}]},"4":{"loc":{"start":{"line":27,"column":9},"end":{"line":27,"column":36}},"type":"binary-expr","locations":[{"start":{"line":27,"column":9},"end":{"line":27,"column":13}},{"start":{"line":27,"column":17},"end":{"line":27,"column":36}}]},"5":{"loc":{"start":{"line":28,"column":9},"end":{"line":32,"column":null}},"type":"binary-expr","locations":[{"start":{"line":28,"column":9},"end":{"line":28,"column":29}},{"start":{"line":29,"column":10},"end":{"line":31,"column":null}}]},"6":{"loc":{"start":{"line":40,"column":7},"end":{"line":44,"column":null}},"type":"binary-expr","locations":[{"start":{"line":40,"column":7},"end":{"line":40,"column":11}},{"start":{"line":41,"column":8},"end":{"line":43,"column":null}}]},"7":{"loc":{"start":{"line":46,"column":7},"end":{"line":50,"column":null}},"type":"binary-expr","locations":[{"start":{"line":46,"column":7},"end":{"line":46,"column":14}},{"start":{"line":47,"column":8},"end":{"line":49,"column":null}}]},"8":{"loc":{"start":{"line":52,"column":7},"end":{"line":53,"column":null}},"type":"binary-expr","locations":[{"start":{"line":52,"column":7},"end":{"line":52,"column":27}},{"start":{"line":53,"column":8},"end":{"line":53,"column":33}}]}},"s":{"0":1,"1":1,"2":1,"3":1,"4":0,"5":0,"6":0,"7":0,"8":1},"f":{"0":0},"b":{"0":[0],"1":[0],"2":[0,0],"3":[0],"4":[0,0],"5":[0,0],"6":[0,0],"7":[0,0],"8":[0,0]}}
,"C:\\Users\\91735\\Downloads\\abhijeet_august\\movieApp\\appV3\\src\\components\\ui\\MovieTrailer.tsx": {"path":"C:\\Users\\91735\\Downloads\\abhijeet_august\\movieApp\\appV3\\src\\components\\ui\\MovieTrailer.tsx","statementMap":{"0":{"start":{"line":1,"column":0},"end":{"line":1,"column":26}},"1":{"start":{"line":9,"column":50},"end":{"line":25,"column":1}},"2":{"start":{"line":14,"column":2},"end":{"line":24,"column":4}},"3":{"start":{"line":27,"column":0},"end":{"line":27,"column":28}}},"fnMap":{"0":{"name":"(anonymous_1)","decl":{"start":{"line":9,"column":50},"end":{"line":9,"column":51}},"loc":{"start":{"line":13,"column":5},"end":{"line":25,"column":1}}}},"branchMap":{"0":{"loc":{"start":{"line":12,"column":2},"end":{"line":12,"column":16}},"type":"default-arg","locations":[{"start":{"line":12,"column":14},"end":{"line":12,"column":16}}]}},"s":{"0":0,"1":0,"2":0,"3":0},"f":{"0":0},"b":{"0":[0]}}
,"C:\\Users\\91735\\Downloads\\abhijeet_august\\movieApp\\appV3\\src\\components\\ui\\NoResults.tsx": {"path":"C:\\Users\\91735\\Downloads\\abhijeet_august\\movieApp\\appV3\\src\\components\\ui\\NoResults.tsx","statementMap":{"0":{"start":{"line":1,"column":0},"end":{"line":1,"column":26}},"1":{"start":{"line":2,"column":0},"end":{"line":2,"column":40}},"2":{"start":{"line":3,"column":0},"end":{"line":3,"column":30}},"3":{"start":{"line":14,"column":44},"end":{"line":43,"column":1}},"4":{"start":{"line":21,"column":9},"end":{"line":42,"column":4}},"5":{"start":{"line":45,"column":0},"end":{"line":45,"column":25}}},"fnMap":{"0":{"name":"(anonymous_1)","decl":{"start":{"line":14,"column":44},"end":{"line":14,"column":45}},"loc":{"start":{"line":21,"column":5},"end":{"line":43,"column":1}}}},"branchMap":{"0":{"loc":{"start":{"line":20,"column":2},"end":{"line":20,"column":16}},"type":"default-arg","locations":[{"start":{"line":20,"column":14},"end":{"line":20,"column":16}}]},"1":{"loc":{"start":{"line":23,"column":7},"end":{"line":28,"column":null}},"type":"binary-expr","locations":[{"start":{"line":23,"column":7},"end":{"line":23,"column":11}},{"start":{"line":24,"column":8},"end":{"line":27,"column":null}}]},"2":{"loc":{"start":{"line":34,"column":7},"end":{"line":39,"column":null}},"type":"binary-expr","locations":[{"start":{"line":34,"column":7},"end":{"line":34,"column":18}},{"start":{"line":34,"column":22},"end":{"line":34,"column":32}},{"start":{"line":35,"column":8},"end":{"line":38,"column":null}}]}},"s":{"0":1,"1":1,"2":1,"3":1,"4":1,"5":1},"f":{"0":1},"b":{"0":[1],"1":[1,1],"2":[1,1,1]}}
,"C:\\Users\\91735\\Downloads\\abhijeet_august\\movieApp\\appV3\\src\\components\\ui\\PageHeader.tsx": {"path":"C:\\Users\\91735\\Downloads\\abhijeet_august\\movieApp\\appV3\\src\\components\\ui\\PageHeader.tsx","statementMap":{"0":{"start":{"line":1,"column":0},"end":{"line":1,"column":26}},"1":{"start":{"line":2,"column":0},"end":{"line":2,"column":40}},"2":{"start":{"line":3,"column":0},"end":{"line":3,"column":41}},"3":{"start":{"line":13,"column":46},"end":{"line":41,"column":1}},"4":{"start":{"line":20,"column":2},"end":{"line":40,"column":4}},"5":{"start":{"line":43,"column":0},"end":{"line":43,"column":26}}},"fnMap":{"0":{"name":"(anonymous_1)","decl":{"start":{"line":13,"column":46},"end":{"line":13,"column":47}},"loc":{"start":{"line":19,"column":5},"end":{"line":41,"column":1}}}},"branchMap":{"0":{"loc":{"start":{"line":16,"column":2},"end":{"line":16,"column":24}},"type":"default-arg","locations":[{"start":{"line":16,"column":19},"end":{"line":16,"column":24}}]},"1":{"loc":{"start":{"line":17,"column":2},"end":{"line":17,"column":26}},"type":"default-arg","locations":[{"start":{"line":17,"column":20},"end":{"line":17,"column":26}}]},"2":{"loc":{"start":{"line":18,"column":2},"end":{"line":18,"column":16}},"type":"default-arg","locations":[{"start":{"line":18,"column":14},"end":{"line":18,"column":16}}]},"3":{"loc":{"start":{"line":22,"column":7},"end":{"line":30,"column":17}},"type":"cond-expr","locations":[{"start":{"line":23,"column":8},"end":{"line":28,"column":null}},{"start":{"line":30,"column":10},"end":{"line":30,"column":17}}]},"4":{"loc":{"start":{"line":38,"column":7},"end":{"line":38,"column":33}},"type":"binary-expr","locations":[{"start":{"line":38,"column":7},"end":{"line":38,"column":22}},{"start":{"line":38,"column":26},"end":{"line":38,"column":33}}]}},"s":{"0":0,"1":0,"2":0,"3":0,"4":0,"5":0},"f":{"0":0},"b":{"0":[0],"1":[0],"2":[0],"3":[0,0],"4":[0,0]}}
,"C:\\Users\\91735\\Downloads\\abhijeet_august\\movieApp\\appV3\\src\\components\\ui\\Rating.tsx": {"path":"C:\\Users\\91735\\Downloads\\abhijeet_august\\movieApp\\appV3\\src\\components\\ui\\Rating.tsx","statementMap":{"0":{"start":{"line":1,"column":0},"end":{"line":1,"column":26}},"1":{"start":{"line":2,"column":0},"end":{"line":2,"column":36}},"2":{"start":{"line":9,"column":38},"end":{"line":21,"column":1}},"3":{"start":{"line":10,"column":23},"end":{"line":13,"column":3}},"4":{"start":{"line":11,"column":4},"end":{"line":11,"column":60}},"5":{"start":{"line":11,"column":47},"end":{"line":11,"column":60}},"6":{"start":{"line":12,"column":4},"end":{"line":12,"column":26}},"7":{"start":{"line":15,"column":2},"end":{"line":20,"column":4}},"8":{"start":{"line":23,"column":0},"end":{"line":23,"column":22}}},"fnMap":{"0":{"name":"(anonymous_1)","decl":{"start":{"line":9,"column":38},"end":{"line":9,"column":39}},"loc":{"start":{"line":9,"column":68},"end":{"line":21,"column":1}}},"1":{"name":"(anonymous_2)","decl":{"start":{"line":10,"column":23},"end":{"line":10,"column":24}},"loc":{"start":{"line":10,"column":47},"end":{"line":13,"column":3}}}},"branchMap":{"0":{"loc":{"start":{"line":9,"column":48},"end":{"line":9,"column":62}},"type":"default-arg","locations":[{"start":{"line":9,"column":60},"end":{"line":9,"column":62}}]},"1":{"loc":{"start":{"line":11,"column":4},"end":{"line":11,"column":60}},"type":"if","locations":[{"start":{"line":11,"column":4},"end":{"line":11,"column":60}}]},"2":{"loc":{"start":{"line":11,"column":8},"end":{"line":11,"column":45}},"type":"binary-expr","locations":[{"start":{"line":11,"column":8},"end":{"line":11,"column":31}},{"start":{"line":11,"column":35},"end":{"line":11,"column":45}}]}},"s":{"0":1,"1":1,"2":1,"3":0,"4":0,"5":0,"6":0,"7":0,"8":1},"f":{"0":0,"1":0},"b":{"0":[0],"1":[0],"2":[0,0]}}
,"C:\\Users\\91735\\Downloads\\abhijeet_august\\movieApp\\appV3\\src\\components\\ui\\Section.tsx": {"path":"C:\\Users\\91735\\Downloads\\abhijeet_august\\movieApp\\appV3\\src\\components\\ui\\Section.tsx","statementMap":{"0":{"start":{"line":1,"column":0},"end":{"line":1,"column":26}},"1":{"start":{"line":9,"column":40},"end":{"line":22,"column":1}},"2":{"start":{"line":14,"column":2},"end":{"line":21,"column":4}},"3":{"start":{"line":24,"column":0},"end":{"line":24,"column":23}}},"fnMap":{"0":{"name":"(anonymous_1)","decl":{"start":{"line":9,"column":40},"end":{"line":9,"column":41}},"loc":{"start":{"line":13,"column":5},"end":{"line":22,"column":1}}}},"branchMap":{"0":{"loc":{"start":{"line":12,"column":2},"end":{"line":12,"column":16}},"type":"default-arg","locations":[{"start":{"line":12,"column":14},"end":{"line":12,"column":16}}]},"1":{"loc":{"start":{"line":16,"column":7},"end":{"line":17,"column":null}},"type":"binary-expr","locations":[{"start":{"line":16,"column":7},"end":{"line":16,"column":12}},{"start":{"line":17,"column":8},"end":{"line":17,"column":64}}]}},"s":{"0":0,"1":0,"2":0,"3":0},"f":{"0":0},"b":{"0":[0],"1":[0,0]}}
,"C:\\Users\\91735\\Downloads\\abhijeet_august\\movieApp\\appV3\\src\\context\\FilterContext.tsx": {"path":"C:\\Users\\91735\\Downloads\\abhijeet_august\\movieApp\\appV3\\src\\context\\FilterContext.tsx","statementMap":{"0":{"start":{"line":1,"column":0},"end":{"line":1,"column":78}},"1":{"start":{"line":2,"column":0},"end":{"line":2,"column":38}},"2":{"start":{"line":25,"column":22},"end":{"line":25,"column":77}},"3":{"start":{"line":27,"column":26},"end":{"line":33,"column":1}},"4":{"start":{"line":28,"column":18},"end":{"line":28,"column":43}},"5":{"start":{"line":29,"column":2},"end":{"line":31,"column":3}},"6":{"start":{"line":30,"column":4},"end":{"line":30,"column":71}},"7":{"start":{"line":32,"column":2},"end":{"line":32,"column":17}},"8":{"start":{"line":27,"column":13},"end":{"line":27,"column":26}},"9":{"start":{"line":37,"column":71},"end":{"line":156,"column":1}},"10":{"start":{"line":38,"column":30},"end":{"line":38,"column":51}},"11":{"start":{"line":39,"column":48},"end":{"line":39,"column":62}},"12":{"start":{"line":42,"column":24},"end":{"line":59,"column":3}},"13":{"start":{"line":43,"column":4},"end":{"line":57,"column":5}},"14":{"start":{"line":44,"column":26},"end":{"line":44,"column":63}},"15":{"start":{"line":45,"column":6},"end":{"line":53,"column":7}},"16":{"start":{"line":46,"column":36},"end":{"line":46,"column":59}},"17":{"start":{"line":47,"column":8},"end":{"line":52,"column":9}},"18":{"start":{"line":48,"column":10},"end":{"line":51,"column":12}},"19":{"start":{"line":55,"column":6},"end":{"line":55,"column":57}},"20":{"start":{"line":56,"column":6},"end":{"line":56,"column":47}},"21":{"start":{"line":58,"column":4},"end":{"line":58,"column":59}},"22":{"start":{"line":61,"column":40},"end":{"line":61,"column":52}},"23":{"start":{"line":62,"column":44},"end":{"line":62,"column":83}},"24":{"start":{"line":63,"column":48},"end":{"line":63,"column":104}},"25":{"start":{"line":66,"column":2},"end":{"line":106,"column":9}},"26":{"start":{"line":67,"column":32},"end":{"line":103,"column":5}},"27":{"start":{"line":68,"column":6},"end":{"line":102,"column":7}},"28":{"start":{"line":70,"column":27},"end":{"line":70,"column":63}},"29":{"start":{"line":71,"column":32},"end":{"line":71,"column":70}},"30":{"start":{"line":73,"column":8},"end":{"line":84,"column":9}},"31":{"start":{"line":74,"column":29},"end":{"line":74,"column":51}},"32":{"start":{"line":75,"column":28},"end":{"line":75,"column":53}},"33":{"start":{"line":76,"column":22},"end":{"line":76,"column":32}},"34":{"start":{"line":77,"column":25},"end":{"line":77,"column":44}},"35":{"start":{"line":79,"column":10},"end":{"line":83,"column":11}},"36":{"start":{"line":80,"column":12},"end":{"line":80,"column":34}},"37":{"start":{"line":81,"column":12},"end":{"line":81,"column":38}},"38":{"start":{"line":82,"column":12},"end":{"line":82,"column":19}},"39":{"start":{"line":87,"column":25},"end":{"line":87,"column":59}},"40":{"start":{"line":88,"column":8},"end":{"line":88,"column":31}},"41":{"start":{"line":91,"column":8},"end":{"line":91,"column":74}},"42":{"start":{"line":92,"column":8},"end":{"line":92,"column":70}},"43":{"start":{"line":94,"column":8},"end":{"line":94,"column":53}},"44":{"start":{"line":96,"column":27},"end":{"line":96,"column":63}},"45":{"start":{"line":97,"column":8},"end":{"line":99,"column":9}},"46":{"start":{"line":98,"column":10},"end":{"line":98,"column":44}},"47":{"start":{"line":101,"column":8},"end":{"line":101,"column":34}},"48":{"start":{"line":105,"column":4},"end":{"line":105,"column":26}},"49":{"start":{"line":109,"column":28},"end":{"line":111,"column":3}},"50":{"start":{"line":110,"column":4},"end":{"line":110,"column":26}},"51":{"start":{"line":113,"column":31},"end":{"line":130,"column":3}},"52":{"start":{"line":114,"column":4},"end":{"line":114,"column":28}},"53":{"start":{"line":115,"column":4},"end":{"line":115,"column":32}},"54":{"start":{"line":117,"column":4},"end":{"line":129,"column":5}},"55":{"start":{"line":118,"column":6},"end":{"line":126,"column":7}},"56":{"start":{"line":119,"column":8},"end":{"line":119,"column":49}},"57":{"start":{"line":121,"column":36},"end":{"line":124,"column":10}},"58":{"start":{"line":125,"column":8},"end":{"line":125,"column":70}},"59":{"start":{"line":128,"column":6},"end":{"line":128,"column":60}},"60":{"start":{"line":133,"column":23},"end":{"line":138,"column":3}},"61":{"start":{"line":134,"column":4},"end":{"line":134,"column":23}},"62":{"start":{"line":135,"column":4},"end":{"line":135,"column":28}},"63":{"start":{"line":136,"column":4},"end":{"line":136,"column":29}},"64":{"start":{"line":137,"column":4},"end":{"line":137,"column":45}},"65":{"start":{"line":140,"column":2},"end":{"line":155,"column":4}},"66":{"start":{"line":37,"column":13},"end":{"line":37,"column":71}}},"fnMap":{"0":{"name":"(anonymous_9)","decl":{"start":{"line":27,"column":26},"end":{"line":27,"column":29}},"loc":{"start":{"line":27,"column":31},"end":{"line":33,"column":1}}},"1":{"name":"(anonymous_10)","decl":{"start":{"line":37,"column":71},"end":{"line":37,"column":72}},"loc":{"start":{"line":37,"column":88},"end":{"line":156,"column":1}}},"2":{"name":"(anonymous_11)","decl":{"start":{"line":42,"column":24},"end":{"line":42,"column":86}},"loc":{"start":{"line":42,"column":88},"end":{"line":59,"column":3}}},"3":{"name":"(anonymous_12)","decl":{"start":{"line":66,"column":12},"end":{"line":66,"column":15}},"loc":{"start":{"line":66,"column":17},"end":{"line":106,"column":3}}},"4":{"name":"(anonymous_13)","decl":{"start":{"line":67,"column":32},"end":{"line":67,"column":37}},"loc":{"start":{"line":67,"column":43},"end":{"line":103,"column":5}}},"5":{"name":"(anonymous_14)","decl":{"start":{"line":109,"column":28},"end":{"line":109,"column":29}},"loc":{"start":{"line":109,"column":46},"end":{"line":111,"column":3}}},"6":{"name":"(anonymous_15)","decl":{"start":{"line":113,"column":31},"end":{"line":113,"column":32}},"loc":{"start":{"line":113,"column":73},"end":{"line":130,"column":3}}},"7":{"name":"(anonymous_16)","decl":{"start":{"line":133,"column":23},"end":{"line":133,"column":26}},"loc":{"start":{"line":133,"column":28},"end":{"line":138,"column":3}}}},"branchMap":{"0":{"loc":{"start":{"line":29,"column":2},"end":{"line":31,"column":3}},"type":"if","locations":[{"start":{"line":29,"column":2},"end":{"line":31,"column":3}}]},"1":{"loc":{"start":{"line":45,"column":6},"end":{"line":53,"column":7}},"type":"if","locations":[{"start":{"line":45,"column":6},"end":{"line":53,"column":7}}]},"2":{"loc":{"start":{"line":47,"column":8},"end":{"line":52,"column":9}},"type":"if","locations":[{"start":{"line":47,"column":8},"end":{"line":52,"column":9}}]},"3":{"loc":{"start":{"line":47,"column":12},"end":{"line":47,"column":121}},"type":"binary-expr","locations":[{"start":{"line":47,"column":12},"end":{"line":47,"column":18}},{"start":{"line":47,"column":22},"end":{"line":47,"column":54}},{"start":{"line":47,"column":59},"end":{"line":47,"column":82}},{"start":{"line":47,"column":86},"end":{"line":47,"column":120}}]},"4":{"loc":{"start":{"line":73,"column":8},"end":{"line":84,"column":9}},"type":"if","locations":[{"start":{"line":73,"column":8},"end":{"line":84,"column":9}}]},"5":{"loc":{"start":{"line":73,"column":12},"end":{"line":73,"column":41}},"type":"binary-expr","locations":[{"start":{"line":73,"column":12},"end":{"line":73,"column":22}},{"start":{"line":73,"column":26},"end":{"line":73,"column":41}}]},"6":{"loc":{"start":{"line":79,"column":10},"end":{"line":83,"column":11}},"type":"if","locations":[{"start":{"line":79,"column":10},"end":{"line":83,"column":11}}]},"7":{"loc":{"start":{"line":97,"column":8},"end":{"line":99,"column":9}},"type":"if","locations":[{"start":{"line":97,"column":8},"end":{"line":99,"column":9}}]},"8":{"loc":{"start":{"line":118,"column":6},"end":{"line":126,"column":7}},"type":"if","locations":[{"start":{"line":118,"column":6},"end":{"line":126,"column":7}},{"start":{"line":120,"column":13},"end":{"line":126,"column":7}}]}},"s":{"0":4,"1":4,"2":4,"3":4,"4":84,"5":84,"6":0,"7":84,"8":4,"9":4,"10":62,"11":62,"12":62,"13":124,"14":124,"15":124,"16":19,"17":18,"18":18,"19":1,"20":1,"21":106,"22":62,"23":62,"24":62,"25":62,"26":27,"27":27,"28":27,"29":27,"30":27,"31":8,"32":8,"33":8,"34":8,"35":8,"36":6,"37":6,"38":6,"39":21,"40":16,"41":16,"42":16,"43":2,"44":2,"45":2,"46":2,"47":24,"48":27,"49":62,"50":4,"51":62,"52":8,"53":8,"54":8,"55":8,"56":1,"57":7,"58":7,"59":0,"60":62,"61":2,"62":2,"63":2,"64":2,"65":62,"66":4},"f":{"0":84,"1":62,"2":124,"3":27,"4":27,"5":4,"6":8,"7":2},"b":{"0":[0],"1":[19],"2":[18],"3":[18,18,18,18],"4":[8],"5":[27,11],"6":[6],"7":[2],"8":[1,7]}}
,"C:\\Users\\91735\\Downloads\\abhijeet_august\\movieApp\\appV3\\src\\context\\MovieContext.tsx": {"path":"C:\\Users\\91735\\Downloads\\abhijeet_august\\movieApp\\appV3\\src\\context\\MovieContext.tsx","statementMap":{"0":{"start":{"line":1,"column":0},"end":{"line":1,"column":91}},"1":{"start":{"line":2,"column":0},"end":{"line":2,"column":45}},"2":{"start":{"line":3,"column":0},"end":{"line":3,"column":38}},"3":{"start":{"line":33,"column":21},"end":{"line":49,"column":2}},"4":{"start":{"line":38,"column":20},"end":{"line":38,"column":25}},"5":{"start":{"line":51,"column":25},"end":{"line":51,"column":55}},"6":{"start":{"line":51,"column":31},"end":{"line":51,"column":55}},"7":{"start":{"line":51,"column":13},"end":{"line":51,"column":25}},"8":{"start":{"line":53,"column":70},"end":{"line":233,"column":1}},"9":{"start":{"line":54,"column":43},"end":{"line":54,"column":55}},"10":{"start":{"line":55,"column":30},"end":{"line":55,"column":51}},"11":{"start":{"line":56,"column":36},"end":{"line":56,"column":57}},"12":{"start":{"line":57,"column":40},"end":{"line":57,"column":51}},"13":{"start":{"line":58,"column":42},"end":{"line":58,"column":53}},"14":{"start":{"line":59,"column":36},"end":{"line":59,"column":51}},"15":{"start":{"line":60,"column":28},"end":{"line":60,"column":57}},"16":{"start":{"line":61,"column":40},"end":{"line":61,"column":55}},"17":{"start":{"line":62,"column":54},"end":{"line":64,"column":4}},"18":{"start":{"line":63,"column":4},"end":{"line":63,"column":61}},"19":{"start":{"line":67,"column":22},"end":{"line":112,"column":3}},"20":{"start":{"line":68,"column":4},"end":{"line":111,"column":5}},"21":{"start":{"line":69,"column":6},"end":{"line":69,"column":32}},"22":{"start":{"line":70,"column":6},"end":{"line":70,"column":43}},"23":{"start":{"line":70,"column":22},"end":{"line":70,"column":43}},"24":{"start":{"line":73,"column":24},"end":{"line":76,"column":8}},"25":{"start":{"line":79,"column":6},"end":{"line":81,"column":7}},"26":{"start":{"line":80,"column":8},"end":{"line":80,"column":45}},"27":{"start":{"line":84,"column":6},"end":{"line":90,"column":7}},"28":{"start":{"line":85,"column":8},"end":{"line":85,"column":35}},"29":{"start":{"line":86,"column":8},"end":{"line":86,"column":35}},"30":{"start":{"line":88,"column":8},"end":{"line":88,"column":37}},"31":{"start":{"line":89,"column":8},"end":{"line":89,"column":43}},"32":{"start":{"line":92,"column":23},"end":{"line":92,"column":54}},"33":{"start":{"line":93,"column":41},"end":{"line":93,"column":45}},"34":{"start":{"line":95,"column":6},"end":{"line":99,"column":7}},"35":{"start":{"line":96,"column":8},"end":{"line":96,"column":61}},"36":{"start":{"line":96,"column":32},"end":{"line":96,"column":59}},"37":{"start":{"line":98,"column":8},"end":{"line":98,"column":27}},"38":{"start":{"line":101,"column":6},"end":{"line":101,"column":37}},"39":{"start":{"line":102,"column":6},"end":{"line":102,"column":27}},"40":{"start":{"line":103,"column":6},"end":{"line":103,"column":21}},"41":{"start":{"line":106,"column":6},"end":{"line":106,"column":51}},"42":{"start":{"line":107,"column":6},"end":{"line":107,"column":65}},"43":{"start":{"line":109,"column":6},"end":{"line":109,"column":26}},"44":{"start":{"line":110,"column":6},"end":{"line":110,"column":28}},"45":{"start":{"line":115,"column":2},"end":{"line":123,"column":52}},"46":{"start":{"line":116,"column":4},"end":{"line":122,"column":5}},"47":{"start":{"line":117,"column":6},"end":{"line":117,"column":34}},"48":{"start":{"line":119,"column":6},"end":{"line":121,"column":7}},"49":{"start":{"line":120,"column":8},"end":{"line":120,"column":23}},"50":{"start":{"line":126,"column":2},"end":{"line":131,"column":57}},"51":{"start":{"line":127,"column":4},"end":{"line":130,"column":5}},"52":{"start":{"line":128,"column":6},"end":{"line":128,"column":24}},"53":{"start":{"line":129,"column":6},"end":{"line":129,"column":21}},"54":{"start":{"line":134,"column":35},"end":{"line":144,"column":8}},"55":{"start":{"line":135,"column":4},"end":{"line":143,"column":5}},"56":{"start":{"line":136,"column":30},"end":{"line":136,"column":63}},"57":{"start":{"line":137,"column":6},"end":{"line":140,"column":7}},"58":{"start":{"line":138,"column":32},"end":{"line":138,"column":59}},"59":{"start":{"line":139,"column":8},"end":{"line":139,"column":38}},"60":{"start":{"line":142,"column":6},"end":{"line":142,"column":68}},"61":{"start":{"line":147,"column":2},"end":{"line":164,"column":33}},"62":{"start":{"line":148,"column":4},"end":{"line":148,"column":31}},"63":{"start":{"line":151,"column":32},"end":{"line":160,"column":5}},"64":{"start":{"line":152,"column":6},"end":{"line":159,"column":7}},"65":{"start":{"line":153,"column":8},"end":{"line":158,"column":9}},"66":{"start":{"line":154,"column":31},"end":{"line":154,"column":53}},"67":{"start":{"line":155,"column":10},"end":{"line":155,"column":37}},"68":{"start":{"line":157,"column":10},"end":{"line":157,"column":78}},"69":{"start":{"line":162,"column":4},"end":{"line":162,"column":60}},"70":{"start":{"line":163,"column":4},"end":{"line":163,"column":76}},"71":{"start":{"line":163,"column":17},"end":{"line":163,"column":75}},"72":{"start":{"line":166,"column":25},"end":{"line":181,"column":8}},"73":{"start":{"line":168,"column":35},"end":{"line":168,"column":68}},"74":{"start":{"line":169,"column":36},"end":{"line":169,"column":38}},"75":{"start":{"line":171,"column":4},"end":{"line":180,"column":5}},"76":{"start":{"line":172,"column":31},"end":{"line":172,"column":95}},"77":{"start":{"line":173,"column":6},"end":{"line":177,"column":7}},"78":{"start":{"line":173,"column":49},"end":{"line":173,"column":68}},"79":{"start":{"line":174,"column":8},"end":{"line":174,"column":56}},"80":{"start":{"line":175,"column":8},"end":{"line":175,"column":76}},"81":{"start":{"line":176,"column":8},"end":{"line":176,"column":39}},"82":{"start":{"line":179,"column":6},"end":{"line":179,"column":57}},"83":{"start":{"line":183,"column":30},"end":{"line":196,"column":8}},"84":{"start":{"line":185,"column":35},"end":{"line":185,"column":68}},"85":{"start":{"line":186,"column":36},"end":{"line":186,"column":38}},"86":{"start":{"line":188,"column":4},"end":{"line":195,"column":5}},"87":{"start":{"line":189,"column":31},"end":{"line":189,"column":95}},"88":{"start":{"line":190,"column":6},"end":{"line":190,"column":84}},"89":{"start":{"line":190,"column":67},"end":{"line":190,"column":82}},"90":{"start":{"line":191,"column":6},"end":{"line":191,"column":74}},"91":{"start":{"line":192,"column":6},"end":{"line":192,"column":37}},"92":{"start":{"line":194,"column":6},"end":{"line":194,"column":61}},"93":{"start":{"line":198,"column":21},"end":{"line":200,"column":17}},"94":{"start":{"line":199,"column":4},"end":{"line":199,"column":52}},"95":{"start":{"line":199,"column":35},"end":{"line":199,"column":50}},"96":{"start":{"line":202,"column":19},"end":{"line":206,"column":3}},"97":{"start":{"line":203,"column":4},"end":{"line":205,"column":5}},"98":{"start":{"line":204,"column":6},"end":{"line":204,"column":41}},"99":{"start":{"line":208,"column":18},"end":{"line":208,"column":49}},"100":{"start":{"line":210,"column":2},"end":{"line":232,"column":4}},"101":{"start":{"line":53,"column":13},"end":{"line":53,"column":70}}},"fnMap":{"0":{"name":"(anonymous_9)","decl":{"start":{"line":36,"column":18},"end":{"line":36,"column":21}},"loc":{"start":{"line":36,"column":23},"end":{"line":36,"column":26}}},"1":{"name":"(anonymous_10)","decl":{"start":{"line":37,"column":23},"end":{"line":37,"column":26}},"loc":{"start":{"line":37,"column":28},"end":{"line":37,"column":31}}},"2":{"name":"(anonymous_11)","decl":{"start":{"line":38,"column":14},"end":{"line":38,"column":17}},"loc":{"start":{"line":38,"column":20},"end":{"line":38,"column":25}}},"3":{"name":"(anonymous_12)","decl":{"start":{"line":41,"column":12},"end":{"line":41,"column":15}},"loc":{"start":{"line":41,"column":17},"end":{"line":41,"column":20}}},"4":{"name":"(anonymous_13)","decl":{"start":{"line":48,"column":25},"end":{"line":48,"column":28}},"loc":{"start":{"line":48,"column":30},"end":{"line":48,"column":33}}},"5":{"name":"(anonymous_14)","decl":{"start":{"line":51,"column":25},"end":{"line":51,"column":28}},"loc":{"start":{"line":51,"column":31},"end":{"line":51,"column":55}}},"6":{"name":"(anonymous_15)","decl":{"start":{"line":53,"column":70},"end":{"line":53,"column":71}},"loc":{"start":{"line":53,"column":87},"end":{"line":233,"column":1}}},"7":{"name":"(anonymous_16)","decl":{"start":{"line":62,"column":63},"end":{"line":62,"column":66}},"loc":{"start":{"line":62,"column":68},"end":{"line":64,"column":3}}},"8":{"name":"(anonymous_17)","decl":{"start":{"line":67,"column":22},"end":{"line":67,"column":27}},"loc":{"start":{"line":67,"column":78},"end":{"line":112,"column":3}}},"9":{"name":"(anonymous_18)","decl":{"start":{"line":96,"column":18},"end":{"line":96,"column":28}},"loc":{"start":{"line":96,"column":32},"end":{"line":96,"column":59}}},"10":{"name":"(anonymous_19)","decl":{"start":{"line":115,"column":12},"end":{"line":115,"column":15}},"loc":{"start":{"line":115,"column":17},"end":{"line":123,"column":3}}},"11":{"name":"(anonymous_20)","decl":{"start":{"line":126,"column":12},"end":{"line":126,"column":15}},"loc":{"start":{"line":126,"column":17},"end":{"line":131,"column":3}}},"12":{"name":"(anonymous_21)","decl":{"start":{"line":134,"column":47},"end":{"line":134,"column":50}},"loc":{"start":{"line":134,"column":52},"end":{"line":144,"column":3}}},"13":{"name":"(anonymous_22)","decl":{"start":{"line":147,"column":12},"end":{"line":147,"column":15}},"loc":{"start":{"line":147,"column":17},"end":{"line":164,"column":3}}},"14":{"name":"(anonymous_23)","decl":{"start":{"line":151,"column":32},"end":{"line":151,"column":33}},"loc":{"start":{"line":151,"column":52},"end":{"line":160,"column":5}}},"15":{"name":"(anonymous_24)","decl":{"start":{"line":163,"column":11},"end":{"line":163,"column":14}},"loc":{"start":{"line":163,"column":17},"end":{"line":163,"column":75}}},"16":{"name":"(anonymous_25)","decl":{"start":{"line":166,"column":37},"end":{"line":166,"column":38}},"loc":{"start":{"line":166,"column":54},"end":{"line":181,"column":3}}},"17":{"name":"(anonymous_26)","decl":{"start":{"line":173,"column":33},"end":{"line":173,"column":34}},"loc":{"start":{"line":173,"column":49},"end":{"line":173,"column":68}}},"18":{"name":"(anonymous_27)","decl":{"start":{"line":183,"column":42},"end":{"line":183,"column":43}},"loc":{"start":{"line":183,"column":57},"end":{"line":196,"column":3}}},"19":{"name":"(anonymous_28)","decl":{"start":{"line":190,"column":49},"end":{"line":190,"column":50}},"loc":{"start":{"line":190,"column":67},"end":{"line":190,"column":82}}},"20":{"name":"(anonymous_29)","decl":{"start":{"line":198,"column":33},"end":{"line":198,"column":34}},"loc":{"start":{"line":198,"column":48},"end":{"line":200,"column":3}}},"21":{"name":"(anonymous_30)","decl":{"start":{"line":199,"column":26},"end":{"line":199,"column":31}},"loc":{"start":{"line":199,"column":35},"end":{"line":199,"column":50}}},"22":{"name":"(anonymous_31)","decl":{"start":{"line":202,"column":19},"end":{"line":202,"column":22}},"loc":{"start":{"line":202,"column":24},"end":{"line":206,"column":3}}}},"branchMap":{"0":{"loc":{"start":{"line":67,"column":29},"end":{"line":67,"column":45}},"type":"default-arg","locations":[{"start":{"line":67,"column":44},"end":{"line":67,"column":45}}]},"1":{"loc":{"start":{"line":67,"column":47},"end":{"line":67,"column":74}},"type":"default-arg","locations":[{"start":{"line":67,"column":69},"end":{"line":67,"column":74}}]},"2":{"loc":{"start":{"line":70,"column":6},"end":{"line":70,"column":43}},"type":"if","locations":[{"start":{"line":70,"column":6},"end":{"line":70,"column":43}}]},"3":{"loc":{"start":{"line":79,"column":6},"end":{"line":81,"column":7}},"type":"if","locations":[{"start":{"line":79,"column":6},"end":{"line":81,"column":7}}]},"4":{"loc":{"start":{"line":84,"column":6},"end":{"line":90,"column":7}},"type":"if","locations":[{"start":{"line":84,"column":6},"end":{"line":90,"column":7}},{"start":{"line":87,"column":13},"end":{"line":90,"column":7}}]},"5":{"loc":{"start":{"line":95,"column":6},"end":{"line":99,"column":7}},"type":"if","locations":[{"start":{"line":95,"column":6},"end":{"line":99,"column":7}},{"start":{"line":97,"column":13},"end":{"line":99,"column":7}}]},"6":{"loc":{"start":{"line":116,"column":4},"end":{"line":122,"column":5}},"type":"if","locations":[{"start":{"line":116,"column":4},"end":{"line":122,"column":5}}]},"7":{"loc":{"start":{"line":116,"column":8},"end":{"line":116,"column":100}},"type":"binary-expr","locations":[{"start":{"line":116,"column":8},"end":{"line":116,"column":19}},{"start":{"line":116,"column":23},"end":{"line":116,"column":47}},{"start":{"line":116,"column":51},"end":{"line":116,"column":100}}]},"8":{"loc":{"start":{"line":119,"column":6},"end":{"line":121,"column":7}},"type":"if","locations":[{"start":{"line":119,"column":6},"end":{"line":121,"column":7}}]},"9":{"loc":{"start":{"line":127,"column":4},"end":{"line":130,"column":5}},"type":"if","locations":[{"start":{"line":127,"column":4},"end":{"line":130,"column":5}}]},"10":{"loc":{"start":{"line":137,"column":6},"end":{"line":140,"column":7}},"type":"if","locations":[{"start":{"line":137,"column":6},"end":{"line":140,"column":7}}]},"11":{"loc":{"start":{"line":152,"column":6},"end":{"line":159,"column":7}},"type":"if","locations":[{"start":{"line":152,"column":6},"end":{"line":159,"column":7}}]},"12":{"loc":{"start":{"line":152,"column":10},"end":{"line":152,"column":54}},"type":"binary-expr","locations":[{"start":{"line":152,"column":10},"end":{"line":152,"column":31}},{"start":{"line":152,"column":35},"end":{"line":152,"column":54}}]},"13":{"loc":{"start":{"line":172,"column":31},"end":{"line":172,"column":95}},"type":"cond-expr","locations":[{"start":{"line":172,"column":56},"end":{"line":172,"column":90}},{"start":{"line":172,"column":93},"end":{"line":172,"column":95}}]},"14":{"loc":{"start":{"line":173,"column":6},"end":{"line":177,"column":7}},"type":"if","locations":[{"start":{"line":173,"column":6},"end":{"line":177,"column":7}}]},"15":{"loc":{"start":{"line":189,"column":31},"end":{"line":189,"column":95}},"type":"cond-expr","locations":[{"start":{"line":189,"column":56},"end":{"line":189,"column":90}},{"start":{"line":189,"column":93},"end":{"line":189,"column":95}}]},"16":{"loc":{"start":{"line":203,"column":4},"end":{"line":205,"column":5}},"type":"if","locations":[{"start":{"line":203,"column":4},"end":{"line":205,"column":5}}]},"17":{"loc":{"start":{"line":203,"column":8},"end":{"line":203,"column":55}},"type":"binary-expr","locations":[{"start":{"line":203,"column":8},"end":{"line":203,"column":20}},{"start":{"line":203,"column":24},"end":{"line":203,"column":55}}]}},"s":{"0":0,"1":0,"2":0,"3":0,"4":0,"5":0,"6":0,"7":0,"8":0,"9":0,"10":0,"11":0,"12":0,"13":0,"14":0,"15":0,"16":0,"17":0,"18":0,"19":0,"20":0,"21":0,"22":0,"23":0,"24":0,"25":0,"26":0,"27":0,"28":0,"29":0,"30":0,"31":0,"32":0,"33":0,"34":0,"35":0,"36":0,"37":0,"38":0,"39":0,"40":0,"41":0,"42":0,"43":0,"44":0,"45":0,"46":0,"47":0,"48":0,"49":0,"50":0,"51":0,"52":0,"53":0,"54":0,"55":0,"56":0,"57":0,"58":0,"59":0,"60":0,"61":0,"62":0,"63":0,"64":0,"65":0,"66":0,"67":0,"68":0,"69":0,"70":0,"71":0,"72":0,"73":0,"74":0,"75":0,"76":0,"77":0,"78":0,"79":0,"80":0,"81":0,"82":0,"83":0,"84":0,"85":0,"86":0,"87":0,"88":0,"89":0,"90":0,"91":0,"92":0,"93":0,"94":0,"95":0,"96":0,"97":0,"98":0,"99":0,"100":0,"101":0},"f":{"0":0,"1":0,"2":0,"3":0,"4":0,"5":0,"6":0,"7":0,"8":0,"9":0,"10":0,"11":0,"12":0,"13":0,"14":0,"15":0,"16":0,"17":0,"18":0,"19":0,"20":0,"21":0,"22":0},"b":{"0":[0],"1":[0],"2":[0],"3":[0],"4":[0,0],"5":[0,0],"6":[0],"7":[0,0,0],"8":[0],"9":[0],"10":[0],"11":[0],"12":[0,0],"13":[0,0],"14":[0],"15":[0,0],"16":[0],"17":[0,0]}}
,"C:\\Users\\91735\\Downloads\\abhijeet_august\\movieApp\\appV3\\src\\context\\ThemeContext.tsx": {"path":"C:\\Users\\91735\\Downloads\\abhijeet_august\\movieApp\\appV3\\src\\context\\ThemeContext.tsx","statementMap":{"0":{"start":{"line":1,"column":0},"end":{"line":1,"column":78}},"1":{"start":{"line":6,"column":21},"end":{"line":9,"column":2}},"2":{"start":{"line":10,"column":24},"end":{"line":10,"column":54}},"3":{"start":{"line":10,"column":30},"end":{"line":10,"column":54}},"4":{"start":{"line":10,"column":13},"end":{"line":10,"column":24}},"5":{"start":{"line":13,"column":5},"end":{"line":44,"column":1}},"6":{"start":{"line":16,"column":34},"end":{"line":16,"column":49}},"7":{"start":{"line":17,"column":2},"end":{"line":26,"column":9}},"8":{"start":{"line":18,"column":23},"end":{"line":18,"column":55}},"9":{"start":{"line":19,"column":4},"end":{"line":25,"column":5}},"10":{"start":{"line":20,"column":6},"end":{"line":20,"column":42}},"11":{"start":{"line":23,"column":6},"end":{"line":23,"column":25}},"12":{"start":{"line":24,"column":6},"end":{"line":24,"column":48}},"13":{"start":{"line":27,"column":2},"end":{"line":34,"column":17}},"14":{"start":{"line":28,"column":4},"end":{"line":32,"column":5}},"15":{"start":{"line":29,"column":6},"end":{"line":29,"column":53}},"16":{"start":{"line":31,"column":6},"end":{"line":31,"column":56}},"17":{"start":{"line":33,"column":4},"end":{"line":33,"column":63}},"18":{"start":{"line":35,"column":25},"end":{"line":37,"column":3}},"19":{"start":{"line":36,"column":4},"end":{"line":36,"column":27}},"20":{"start":{"line":38,"column":2},"end":{"line":43,"column":29}},"21":{"start":{"line":11,"column":13},"end":{"line":11,"column":null}}},"fnMap":{"0":{"name":"(anonymous_9)","decl":{"start":{"line":8,"column":18},"end":{"line":8,"column":21}},"loc":{"start":{"line":8,"column":23},"end":{"line":8,"column":26}}},"1":{"name":"(anonymous_10)","decl":{"start":{"line":10,"column":24},"end":{"line":10,"column":27}},"loc":{"start":{"line":10,"column":30},"end":{"line":10,"column":54}}},"2":{"name":"(anonymous_11)","decl":{"start":{"line":13,"column":5},"end":{"line":13,"column":6}},"loc":{"start":{"line":15,"column":5},"end":{"line":44,"column":1}}},"3":{"name":"(anonymous_12)","decl":{"start":{"line":17,"column":12},"end":{"line":17,"column":15}},"loc":{"start":{"line":17,"column":17},"end":{"line":26,"column":3}}},"4":{"name":"(anonymous_13)","decl":{"start":{"line":27,"column":12},"end":{"line":27,"column":15}},"loc":{"start":{"line":27,"column":17},"end":{"line":34,"column":3}}},"5":{"name":"(anonymous_14)","decl":{"start":{"line":35,"column":25},"end":{"line":35,"column":28}},"loc":{"start":{"line":35,"column":30},"end":{"line":37,"column":3}}}},"branchMap":{"0":{"loc":{"start":{"line":19,"column":4},"end":{"line":25,"column":5}},"type":"if","locations":[{"start":{"line":19,"column":4},"end":{"line":25,"column":5}},{"start":{"line":21,"column":11},"end":{"line":25,"column":5}}]},"1":{"loc":{"start":{"line":28,"column":4},"end":{"line":32,"column":5}},"type":"if","locations":[{"start":{"line":28,"column":4},"end":{"line":32,"column":5}},{"start":{"line":30,"column":11},"end":{"line":32,"column":5}}]}},"s":{"0":1,"1":1,"2":1,"3":4,"4":1,"5":1,"6":0,"7":0,"8":0,"9":0,"10":0,"11":0,"12":0,"13":0,"14":0,"15":0,"16":0,"17":0,"18":0,"19":0,"20":0,"21":1},"f":{"0":0,"1":4,"2":0,"3":0,"4":0,"5":0},"b":{"0":[0,0],"1":[0,0]}}
,"C:\\Users\\91735\\Downloads\\abhijeet_august\\movieApp\\appV3\\src\\pages\\Favorites.tsx": {"path":"C:\\Users\\91735\\Downloads\\abhijeet_august\\movieApp\\appV3\\src\\pages\\Favorites.tsx","statementMap":{"0":{"start":{"line":1,"column":0},"end":{"line":1,"column":51}},"1":{"start":{"line":2,"column":0},"end":{"line":2,"column":48}},"2":{"start":{"line":3,"column":0},"end":{"line":3,"column":65}},"3":{"start":{"line":4,"column":0},"end":{"line":4,"column":52}},"4":{"start":{"line":5,"column":0},"end":{"line":5,"column":37}},"5":{"start":{"line":6,"column":0},"end":{"line":6,"column":51}},"6":{"start":{"line":7,"column":0},"end":{"line":7,"column":42}},"7":{"start":{"line":8,"column":0},"end":{"line":8,"column":51}},"8":{"start":{"line":11,"column":28},"end":{"line":82,"column":1}},"9":{"start":{"line":12,"column":23},"end":{"line":12,"column":33}},"10":{"start":{"line":13,"column":32},"end":{"line":13,"column":46}},"11":{"start":{"line":14,"column":28},"end":{"line":14,"column":57}},"12":{"start":{"line":15,"column":27},"end":{"line":15,"column":29}},"13":{"start":{"line":17,"column":2},"end":{"line":23,"column":3}},"14":{"start":{"line":18,"column":4},"end":{"line":18,"column":38}},"15":{"start":{"line":20,"column":4},"end":{"line":22,"column":5}},"16":{"start":{"line":21,"column":6},"end":{"line":21,"column":64}},"17":{"start":{"line":25,"column":2},"end":{"line":31,"column":9}},"18":{"start":{"line":27,"column":18},"end":{"line":29,"column":12}},"19":{"start":{"line":28,"column":6},"end":{"line":28,"column":24}},"20":{"start":{"line":30,"column":4},"end":{"line":30,"column":37}},"21":{"start":{"line":30,"column":17},"end":{"line":30,"column":36}},"22":{"start":{"line":33,"column":2},"end":{"line":52,"column":3}},"23":{"start":{"line":34,"column":4},"end":{"line":51,"column":6}},"24":{"start":{"line":54,"column":2},"end":{"line":81,"column":4}},"25":{"start":{"line":64,"column":41},"end":{"line":64,"column":70}},"26":{"start":{"line":76,"column":36},"end":{"line":76,"column":62}},"27":{"start":{"line":84,"column":0},"end":{"line":84,"column":25}}},"fnMap":{"0":{"name":"(anonymous_10)","decl":{"start":{"line":11,"column":28},"end":{"line":11,"column":31}},"loc":{"start":{"line":11,"column":33},"end":{"line":82,"column":1}}},"1":{"name":"(anonymous_11)","decl":{"start":{"line":25,"column":12},"end":{"line":25,"column":15}},"loc":{"start":{"line":25,"column":17},"end":{"line":31,"column":3}}},"2":{"name":"(anonymous_12)","decl":{"start":{"line":27,"column":29},"end":{"line":27,"column":32}},"loc":{"start":{"line":27,"column":34},"end":{"line":29,"column":5}}},"3":{"name":"(anonymous_13)","decl":{"start":{"line":30,"column":11},"end":{"line":30,"column":14}},"loc":{"start":{"line":30,"column":17},"end":{"line":30,"column":36}}},"4":{"name":"(anonymous_14)","decl":{"start":{"line":64,"column":31},"end":{"line":64,"column":32}},"loc":{"start":{"line":64,"column":41},"end":{"line":64,"column":70}}},"5":{"name":"(anonymous_15)","decl":{"start":{"line":76,"column":27},"end":{"line":76,"column":32}},"loc":{"start":{"line":76,"column":36},"end":{"line":76,"column":62}}}},"branchMap":{"0":{"loc":{"start":{"line":20,"column":4},"end":{"line":22,"column":5}},"type":"if","locations":[{"start":{"line":20,"column":4},"end":{"line":22,"column":5}}]},"1":{"loc":{"start":{"line":33,"column":2},"end":{"line":52,"column":3}},"type":"if","locations":[{"start":{"line":33,"column":2},"end":{"line":52,"column":3}}]},"2":{"loc":{"start":{"line":35,"column":43},"end":{"line":35,"column":108}},"type":"cond-expr","locations":[{"start":{"line":35,"column":54},"end":{"line":35,"column":78}},{"start":{"line":35,"column":81},"end":{"line":35,"column":108}}]},"3":{"loc":{"start":{"line":55,"column":41},"end":{"line":55,"column":106}},"type":"cond-expr","locations":[{"start":{"line":55,"column":52},"end":{"line":55,"column":76}},{"start":{"line":55,"column":79},"end":{"line":55,"column":106}}]},"4":{"loc":{"start":{"line":62,"column":9},"end":{"line":77,"column":null}},"type":"cond-expr","locations":[{"start":{"line":63,"column":10},"end":{"line":64,"column":null}},{"start":{"line":66,"column":12},"end":{"line":77,"column":null}}]},"5":{"loc":{"start":{"line":66,"column":12},"end":{"line":77,"column":null}},"type":"cond-expr","locations":[{"start":{"line":67,"column":10},"end":{"line":72,"column":null}},{"start":{"line":75,"column":10},"end":{"line":76,"column":null}}]}},"s":{"0":1,"1":1,"2":1,"3":1,"4":1,"5":1,"6":1,"7":1,"8":1,"9":4,"10":4,"11":4,"12":4,"13":4,"14":4,"15":0,"16":0,"17":4,"18":3,"19":1,"20":3,"21":3,"22":4,"23":0,"24":4,"25":12,"26":0,"27":1},"f":{"0":4,"1":3,"2":1,"3":3,"4":12,"5":0},"b":{"0":[0],"1":[0],"2":[0,0],"3":[0,4],"4":[3,1],"5":[1,0]}}
[...]
"line":33,"column":3}},"21":{"start":{"line":30,"column":4},"end":{"line":30,"column":26}},"22":{"start":{"line":31,"column":4},"end":{"line":31,"column":51}},"23":{"start":{"line":32,"column":4},"end":{"line":32,"column":32}},"24":{"start":{"line":35,"column":2},"end":{"line":99,"column":4}},"25":{"start":{"line":61,"column":41},"end":{"line":61,"column":70}},"26":{"start":{"line":73,"column":44},"end":{"line":73,"column":70}},"27":{"start":{"line":102,"column":0},"end":{"line":102,"column":20}}},"fnMap":{"0":{"name":"(anonymous_10)","decl":{"start":{"line":11,"column":23},"end":{"line":11,"column":26}},"loc":{"start":{"line":11,"column":28},"end":{"line":100,"column":1}}},"1":{"name":"(anonymous_11)","decl":{"start":{"line":15,"column":49},"end":{"line":15,"column":52}},"loc":{"start":{"line":15,"column":54},"end":{"line":18,"column":3}}},"2":{"name":"(anonymous_12)","decl":{"start":{"line":21,"column":12},"end":{"line":21,"column":15}},"loc":{"start":{"line":21,"column":17},"end":{"line":27,"column":3}}},"3":{"name":"(anonymous_13)","decl":{"start":{"line":29,"column":30},"end":{"line":29,"column":33}},"loc":{"start":{"line":29,"column":35},"end":{"line":33,"column":3}}},"4":{"name":"(anonymous_14)","decl":{"start":{"line":61,"column":31},"end":{"line":61,"column":32}},"loc":{"start":{"line":61,"column":41},"end":{"line":61,"column":70}}},"5":{"name":"(anonymous_15)","decl":{"start":{"line":73,"column":35},"end":{"line":73,"column":40}},"loc":{"start":{"line":73,"column":44},"end":{"line":73,"column":70}}}},"branchMap":{"0":{"loc":{"start":{"line":22,"column":4},"end":{"line":26,"column":5}},"type":"if","locations":[{"start":{"line":22,"column":4},"end":{"line":26,"column":5}}]},"1":{"loc":{"start":{"line":22,"column":8},"end":{"line":22,"column":64}},"type":"binary-expr","locations":[{"start":{"line":22,"column":8},"end":{"line":22,"column":19}},{"start":{"line":22,"column":24},"end":{"line":22,"column":35}},{"start":{"line":22,"column":39},"end":{"line":22,"column":63}}]},"2":{"loc":{"start":{"line":36,"column":41},"end":{"line":36,"column":106}},"type":"cond-expr","locations":[{"start":{"line":36,"column":52},"end":{"line":36,"column":76}},{"start":{"line":36,"column":79},"end":{"line":36,"column":106}}]},"3":{"loc":{"start":{"line":41,"column":9},"end":{"line":95,"column":null}},"type":"cond-expr","locations":[{"start":{"line":42,"column":10},"end":{"line":57,"column":null}},{"start":{"line":59,"column":12},"end":{"line":95,"column":null}}]},"4":{"loc":{"start":{"line":59,"column":12},"end":{"line":95,"column":null}},"type":"cond-expr","locations":[{"start":{"line":60,"column":10},"end":{"line":61,"column":null}},{"start":{"line":63,"column":12},"end":{"line":95,"column":null}}]},"5":{"loc":{"start":{"line":63,"column":12},"end":{"line":95,"column":null}},"type":"cond-expr","locations":[{"start":{"line":64,"column":10},"end":{"line":68,"column":null}},{"start":{"line":71,"column":10},"end":{"line":94,"column":null}}]},"6":{"loc":{"start":{"line":75,"column":13},"end":{"line":93,"column":null}},"type":"binary-expr","locations":[{"start":{"line":75,"column":13},"end":{"line":75,"column":20}},{"start":{"line":76,"column":14},"end":{"line":92,"column":null}}]},"7":{"loc":{"start":{"line":84,"column":19},"end":{"line":90,"column":null}},"type":"cond-expr","locations":[{"start":{"line":85,"column":20},"end":{"line":87,"column":null}},{"start":{"line":90,"column":20},"end":{"line":90,"column":49}}]}},"s":{"0":0,"1":0,"2":0,"3":0,"4":0,"5":0,"6":0,"7":0,"8":0,"9":0,"10":0,"11":0,"12":0,"13":0,"14":0,"15":0,"16":0,"17":0,"18":0,"19":0,"20":0,"21":0,"22":0,"23":0,"24":0,"25":0,"26":0,"27":0},"f":{"0":0,"1":0,"2":0,"3":0,"4":0,"5":0},"b":{"0":[0],"1":[0,0,0],"2":[0,0],"3":[0,0],"4":[0,0],"5":[0,0],"6":[0,0],"7":[0,0]}}
,"C:\\Users\\91735\\Downloads\\abhijeet_august\\movieApp\\appV3\\src\\pages\\MovieDetail.tsx": {"path":"C:\\Users\\91735\\Downloads\\abhijeet_august\\movieApp\\appV3\\src\\pages\\MovieDetail.tsx","statementMap":{"0":{"start":{"line":1,"column":0},"end":{"line":1,"column":51}},"1":{"start":{"line":2,"column":0},"end":{"line":2,"column":45}},"2":{"start":{"line":3,"column":0},"end":{"line":3,"column":38}},"3":{"start":{"line":4,"column":0},"end":{"line":4,"column":51}},"4":{"start":{"line":5,"column":0},"end":{"line":5,"column":52}},"5":{"start":{"line":6,"column":0},"end":{"line":6,"column":42}},"6":{"start":{"line":7,"column":0},"end":{"line":7,"column":47}},"7":{"start":{"line":8,"column":0},"end":{"line":8,"column":51}},"8":{"start":{"line":9,"column":0},"end":{"line":9,"column":57}},"9":{"start":{"line":10,"column":0},"end":{"line":10,"column":59}},"10":{"start":{"line":11,"column":0},"end":{"line":11,"column":48}},"11":{"start":{"line":12,"column":0},"end":{"line":12,"column":67}},"12":{"start":{"line":13,"column":0},"end":{"line":13,"column":51}},"13":{"start":{"line":53,"column":30},"end":{"line":179,"column":1}},"14":{"start":{"line":54,"column":17},"end":{"line":54,"column":44}},"15":{"start":{"line":55,"column":23},"end":{"line":55,"column":33}},"16":{"start":{"line":56,"column":62},"end":{"line":56,"column":73}},"17":{"start":{"line":57,"column":28},"end":{"line":57,"column":63}},"18":{"start":{"line":58,"column":32},"end":{"line":58,"column":46}},"19":{"start":{"line":59,"column":28},"end":{"line":59,"column":57}},"20":{"start":{"line":62,"column":2},"end":{"line":64,"column":11}},"21":{"start":{"line":63,"column":4},"end":{"line":63,"column":52}},"22":{"start":{"line":66,"column":2},"end":{"line":84,"column":11}},"23":{"start":{"line":67,"column":30},"end":{"line":81,"column":5}},"24":{"start":{"line":68,"column":6},"end":{"line":80,"column":7}},"25":{"start":{"line":69,"column":8},"end":{"line":69,"column":25}},"26":{"start":{"line":70,"column":25},"end":{"line":72,"column":10}},"27":{"start":{"line":73,"column":8},"end":{"line":73,"column":23}},"28":{"start":{"line":74,"column":8},"end":{"line":74,"column":23}},"29":{"start":{"line":76,"column":8},"end":{"line":76,"column":60}},"30":{"start":{"line":77,"column":8},"end":{"line":77,"column":74}},"31":{"start":{"line":79,"column":8},"end":{"line":79,"column":26}},"32":{"start":{"line":83,"column":4},"end":{"line":83,"column":24}},"33":{"start":{"line":86,"column":2},"end":{"line":92,"column":3}},"34":{"start":{"line":87,"column":4},"end":{"line":91,"column":6}},"35":{"start":{"line":94,"column":2},"end":{"line":102,"column":3}},"36":{"start":{"line":95,"column":4},"end":{"line":101,"column":6}},"37":{"start":{"line":104,"column":26},"end":{"line":104,"column":46}},"38":{"start":{"line":106,"column":30},"end":{"line":120,"column":3}},"39":{"start":{"line":107,"column":4},"end":{"line":119,"column":5}},"40":{"start":{"line":108,"column":6},"end":{"line":108,"column":36}},"41":{"start":{"line":110,"column":6},"end":{"line":118,"column":9}},"42":{"start":{"line":122,"column":18},"end":{"line":125,"column":null}},"43":{"start":{"line":123,"column":13},"end":{"line":123,"column":65}},"44":{"start":{"line":125,"column":13},"end":{"line":125,"column":37}},"45":{"start":{"line":128,"column":2},"end":{"line":178,"column":4}},"46":{"start":{"line":162,"column":14},"end":{"line":163,"column":null}},"47":{"start":{"line":181,"column":0},"end":{"line":181,"column":27}}},"fnMap":{"0":{"name":"(anonymous_10)","decl":{"start":{"line":53,"column":30},"end":{"line":53,"column":33}},"loc":{"start":{"line":53,"column":35},"end":{"line":179,"column":1}}},"1":{"name":"(anonymous_11)","decl":{"start":{"line":62,"column":12},"end":{"line":62,"column":15}},"loc":{"start":{"line":62,"column":17},"end":{"line":64,"column":3}}},"2":{"name":"(anonymous_12)","decl":{"start":{"line":66,"column":12},"end":{"line":66,"column":15}},"loc":{"start":{"line":66,"column":17},"end":{"line":84,"column":3}}},"3":{"name":"(anonymous_13)","decl":{"start":{"line":67,"column":30},"end":{"line":67,"column":35}},"loc":{"start":{"line":67,"column":41},"end":{"line":81,"column":5}}},"4":{"name":"(anonymous_14)","decl":{"start":{"line":106,"column":30},"end":{"line":106,"column":33}},"loc":{"start":{"line":106,"column":35},"end":{"line":120,"column":3}}},"5":{"name":"(anonymous_15)","decl":{"start":{"line":123,"column":4},"end":{"line":123,"column":9}},"loc":{"start":{"line":123,"column":13},"end":{"line":123,"column":65}}},"6":{"name":"(anonymous_16)","decl":{"start":{"line":125,"column":4},"end":{"line":125,"column":9}},"loc":{"start":{"line":125,"column":13},"end":{"line":125,"column":37}}},"7":{"name":"(anonymous_17)","decl":{"start":{"line":161,"column":51},"end":{"line":161,"column":63}},"loc":{"start":{"line":162,"column":14},"end":{"line":163,"column":null}}}},"branchMap":{"0":{"loc":{"start":{"line":86,"column":2},"end":{"line":92,"column":3}},"type":"if","locations":[{"start":{"line":86,"column":2},"end":{"line":92,"column":3}}]},"1":{"loc":{"start":{"line":94,"column":2},"end":{"line":102,"column":3}},"type":"if","locations":[{"start":{"line":94,"column":2},"end":{"line":102,"column":3}}]},"2":{"loc":{"start":{"line":94,"column":6},"end":{"line":94,"column":21}},"type":"binary-expr","locations":[{"start":{"line":94,"column":6},"end":{"line":94,"column":11}},{"start":{"line":94,"column":15},"end":{"line":94,"column":21}}]},"3":{"loc":{"start":{"line":98,"column":17},"end":{"line":98,"column":43}},"type":"binary-expr","locations":[{"start":{"line":98,"column":17},"end":{"line":98,"column":22}},{"start":{"line":98,"column":26},"end":{"line":98,"column":43}}]},"4":{"loc":{"start":{"line":107,"column":4},"end":{"line":119,"column":5}},"type":"if","locations":[{"start":{"line":107,"column":4},"end":{"line":119,"column":5}},{"start":{"line":109,"column":11},"end":{"line":119,"column":5}}]},"5":{"loc":{"start":{"line":122,"column":18},"end":{"line":125,"column":null}},"type":"binary-expr","locations":[{"start":{"line":122,"column":18},"end":{"line":123,"column":null}},{"start":{"line":124,"column":7},"end":{"line":125,"column":null}}]},"6":{"loc":{"start":{"line":123,"column":13},"end":{"line":123,"column":65}},"type":"binary-expr","locations":[{"start":{"line":123,"column":13},"end":{"line":123,"column":37}},{"start":{"line":123,"column":41},"end":{"line":123,"column":65}}]},"7":{"loc":{"start":{"line":129,"column":34},"end":{"line":129,"column":99}},"type":"cond-expr","locations":[{"start":{"line":129,"column":45},"end":{"line":129,"column":69}},{"start":{"line":129,"column":72},"end":{"line":129,"column":99}}]},"8":{"loc":{"start":{"line":145,"column":7},"end":{"line":151,"column":null}},"type":"binary-expr","locations":[{"start":{"line":145,"column":7},"end":{"line":145,"column":14}},{"start":{"line":146,"column":8},"end":{"line":150,"column":null}}]},"9":{"loc":{"start":{"line":158,"column":7},"end":{"line":175,"column":null}},"type":"binary-expr","locations":[{"start":{"line":158,"column":7},"end":{"line":158,"column":39}},{"start":{"line":159,"column":8},"end":{"line":174,"column":null}}]},"10":{"loc":{"start":{"line":168,"column":32},"end":{"line":170,"column":23}},"type":"cond-expr","locations":[{"start":{"line":169,"column":22},"end":{"line":169,"column":47}},{"start":{"line":170,"column":22},"end":{"line":170,"column":23}}]},"11":{"loc":{"start":{"line":168,"column":32},"end":{"line":168,"column":114}},"type":"binary-expr","locations":[{"start":{"line":168,"column":32},"end":{"line":168,"column":77}},{"start":{"line":168,"column":81},"end":{"line":168,"column":114}}]}},"s":{"0":0,"1":0,"2":0,"3":0,"4":0,"5":0,"6":0,"7":0,"8":0,"9":0,"10":0,"11":0,"12":0,"13":0,"14":0,"15":0,"16":0,"17":0,"18":0,"19":0,"20":0,"21":0,"22":0,"23":0,"24":0,"25":0,"26":0,"27":0,"28":0,"29":0,"30":0,"31":0,"32":0,"33":0,"34":0,"35":0,"36":0,"37":0,"38":0,"39":0,"40":0,"41":0,"42":0,"43":0,"44":0,"45":0,"46":0,"47":0},"f":{"0":0,"1":0,"2":0,"3":0,"4":0,"5":0,"6":0,"7":0},"b":{"0":[0],"1":[0],"2":[0,0],"3":[0,0],"4":[0,0],"5":[0,0],"6":[0,0],"7":[0,0],"8":[0,0],"9":[0,0],"10":[0,0],"11":[0,0]}}
,"C:\\Users\\91735\\Downloads\\abhijeet_august\\movieApp\\appV3\\src\\services\\index.ts": {"path":"C:\\Users\\91735\\Downloads\\abhijeet_august\\movieApp\\appV3\\src\\services\\index.ts","statementMap":{"0":{"start":{"line":1,"column":0},"end":{"line":1,"column":45}},"1":{"start":{"line":2,"column":0},"end":{"line":2,"column":37}},"2":{"start":{"line":4,"column":17},"end":{"line":4,"column":32}},"3":{"start":{"line":5,"column":16},"end":{"line":5,"column":30}},"4":{"start":{"line":8,"column":22},"end":{"line":14,"column":2}},"5":{"start":{"line":26,"column":23},"end":{"line":35,"column":1}},"6":{"start":{"line":31,"column":24},"end":{"line":31,"column":37}},"7":{"start":{"line":34,"column":2},"end":{"line":34,"column":64}},"8":{"start":{"line":26,"column":13},"end":{"line":26,"column":23}},"9":{"start":{"line":43,"column":25},"end":{"line":45,"column":1}},"10":{"start":{"line":44,"column":2},"end":{"line":44,"column":38}},"11":{"start":{"line":43,"column":13},"end":{"line":43,"column":25}},"12":{"start":{"line":52,"column":30},"end":{"line":61,"column":1}},"13":{"start":{"line":53,"column":32},"end":{"line":56,"column":4}},"14":{"start":{"line":57,"column":2},"end":{"line":59,"column":3}},"15":{"start":{"line":58,"column":4},"end":{"line":58,"column":33}},"16":{"start":{"line":60,"column":2},"end":{"line":60,"column":44}},"17":{"start":{"line":52,"column":13},"end":{"line":52,"column":30}},"18":{"start":{"line":69,"column":32},"end":{"line":71,"column":1}},"19":{"start":{"line":70,"column":2},"end":{"line":70,"column":43}},"20":{"start":{"line":69,"column":13},"end":{"line":69,"column":32}},"21":{"start":{"line":78,"column":32},"end":{"line":80,"column":1}},"22":{"start":{"line":79,"column":2},"end":{"line":79,"column":61}},"23":{"start":{"line":78,"column":13},"end":{"line":78,"column":32}},"24":{"start":{"line":88,"column":31},"end":{"line":94,"column":1}},"25":{"start":{"line":89,"column":32},"end":{"line":89,"column":34}},"26":{"start":{"line":90,"column":2},"end":{"line":92,"column":3}},"27":{"start":{"line":91,"column":4},"end":{"line":91,"column":49}},"28":{"start":{"line":93,"column":2},"end":{"line":93,"column":46}},"29":{"start":{"line":88,"column":13},"end":{"line":88,"column":31}},"30":{"start":{"line":102,"column":32},"end":{"line":104,"column":1}},"31":{"start":{"line":103,"column":2},"end":{"line":103,"column":56}},"32":{"start":{"line":102,"column":13},"end":{"line":102,"column":32}},"33":{"start":{"line":112,"column":39},"end":{"line":114,"column":1}},"34":{"start":{"line":113,"column":2},"end":{"line":113,"column":64}},"35":{"start":{"line":112,"column":13},"end":{"line":112,"column":39}},"36":{"start":{"line":122,"column":28},"end":{"line":124,"column":1}},"37":{"start":{"line":123,"column":2},"end":{"line":123,"column":51}},"38":{"start":{"line":122,"column":13},"end":{"line":122,"column":28}},"39":{"start":{"line":126,"column":0},"end":{"line":126,"column":29}}},"fnMap":{"0":{"name":"(anonymous_1)","decl":{"start":{"line":26,"column":23},"end":{"line":26,"column":24}},"loc":{"start":{"line":26,"column":72},"end":{"line":35,"column":1}}},"1":{"name":"(anonymous_2)","decl":{"start":{"line":43,"column":25},"end":{"line":43,"column":28}},"loc":{"start":{"line":43,"column":30},"end":{"line":45,"column":1}}},"2":{"name":"(anonymous_3)","decl":{"start":{"line":52,"column":30},"end":{"line":52,"column":31}},"loc":{"start":{"line":52,"column":112},"end":{"line":61,"column":1}}},"3":{"name":"(anonymous_4)","decl":{"start":{"line":69,"column":32},"end":{"line":69,"column":33}},"loc":{"start":{"line":69,"column":70},"end":{"line":71,"column":1}}},"4":{"name":"(anonymous_5)","decl":{"start":{"line":78,"column":32},"end":{"line":78,"column":33}},"loc":{"start":{"line":78,"column":53},"end":{"line":80,"column":1}}},"5":{"name":"(anonymous_6)","decl":{"start":{"line":88,"column":31},"end":{"line":88,"column":32}},"loc":{"start":{"line":88,"column":91},"end":{"line":94,"column":1}}},"6":{"name":"(anonymous_7)","decl":{"start":{"line":102,"column":32},"end":{"line":102,"column":33}},"loc":{"start":{"line":102,"column":79},"end":{"line":104,"column":1}}},"7":{"name":"(anonymous_8)","decl":{"start":{"line":112,"column":39},"end":{"line":112,"column":40}},"loc":{"start":{"line":112,"column":86},"end":{"line":114,"column":1}}},"8":{"name":"(anonymous_9)","decl":{"start":{"line":122,"column":28},"end":{"line":122,"column":29}},"loc":{"start":{"line":122,"column":64},"end":{"line":124,"column":1}}}},"branchMap":{"0":{"loc":{"start":{"line":26,"column":42},"end":{"line":26,"column":68}},"type":"default-arg","locations":[{"start":{"line":26,"column":66},"end":{"line":26,"column":68}}]},"1":{"loc":{"start":{"line":52,"column":31},"end":{"line":52,"column":108}},"type":"default-arg","locations":[{"start":{"line":52,"column":106},"end":{"line":52,"column":108}}]},"2":{"loc":{"start":{"line":52,"column":42},"end":{"line":52,"column":50}},"type":"default-arg","locations":[{"start":{"line":52,"column":49},"end":{"line":52,"column":50}}]},"3":{"loc":{"start":{"line":52,"column":52},"end":{"line":52,"column":78}},"type":"default-arg","locations":[{"start":{"line":52,"column":61},"end":{"line":52,"column":78}}]},"4":{"loc":{"start":{"line":57,"column":2},"end":{"line":59,"column":3}},"type":"if","locations":[{"start":{"line":57,"column":2},"end":{"line":59,"column":3}}]},"5":{"loc":{"start":{"line":69,"column":50},"end":{"line":69,"column":66}},"type":"default-arg","locations":[{"start":{"line":69,"column":65},"end":{"line":69,"column":66}}]},"6":{"loc":{"start":{"line":78,"column":33},"end":{"line":78,"column":49}},"type":"default-arg","locations":[{"start":{"line":78,"column":48},"end":{"line":78,"column":49}}]},"7":{"loc":{"start":{"line":88,"column":58},"end":{"line":88,"column":87}},"type":"default-arg","locations":[{"start":{"line":88,"column":85},"end":{"line":88,"column":87}}]},"8":{"loc":{"start":{"line":90,"column":2},"end":{"line":92,"column":3}},"type":"if","locations":[{"start":{"line":90,"column":2},"end":{"line":92,"column":3}}]},"9":{"loc":{"start":{"line":102,"column":59},"end":{"line":102,"column":75}},"type":"default-arg","locations":[{"start":{"line":102,"column":74},"end":{"line":102,"column":75}}]},"10":{"loc":{"start":{"line":112,"column":66},"end":{"line":112,"column":82}},"type":"default-arg","locations":[{"start":{"line":112,"column":81},"end":{"line":112,"column":82}}]},"11":{"loc":{"start":{"line":122,"column":44},"end":{"line":122,"column":60}},"type":"default-arg","locations":[{"start":{"line":122,"column":59},"end":{"line":122,"column":60}}]}},"s":{"0":1,"1":1,"2":1,"3":1,"4":1,"5":1,"6":3,"7":3,"8":1,"9":1,"10":0,"11":1,"12":1,"13":0,"14":0,"15":0,"16":0,"17":1,"18":1,"19":0,"20":1,"21":1,"22":0,"23":1,"24":1,"25":0,"26":0,"27":0,"28":0,"29":1,"30":1,"31":0,"32":1,"33":1,"34":0,"35":1,"36":1,"37":0,"38":1,"39":1},"f":{"0":3,"1":0,"2":0,"3":0,"4":0,"5":0,"6":0,"7":0,"8":0},"b":{"0":[3],"1":[0],"2":[0],"3":[0],"4":[0],"5":[0],"6":[0],"7":[0],"8":[0],"9":[0],"10":[0],"11":[0]}}
,"C:\\Users\\91735\\Downloads\\abhijeet_august\\movieApp\\appV3\\src\\utils\\config.ts": {"path":"C:\\Users\\91735\\Downloads\\abhijeet_august\\movieApp\\appV3\\src\\utils\\config.ts","statementMap":{"0":{"start":{"line":1,"column":15},"end":{"line":5,"column":2}},"1":{"start":{"line":7,"column":0},"end":{"line":7,"column":22}}},"fnMap":{},"branchMap":{},"s":{"0":2,"1":2},"f":{},"b":{}}
,"C:\\Users\\91735\\Downloads\\abhijeet_august\\movieApp\\appV3\\src\\utils\\mockData.ts": {"path":"C:\\Users\\91735\\Downloads\\abhijeet_august\\movieApp\\appV3\\src\\utils\\mockData.ts","statementMap":{"0":{"start":{"line":2,"column":13},"end":{"line":98,"column":3}},"1":{"start":{"line":99,"column":13},"end":{"line":99,"column":95}},"2":{"start":{"line":99,"column":72},"end":{"line":99,"column":84}}},"fnMap":{"0":{"name":"(anonymous_0)","decl":{"start":{"line":99,"column":63},"end":{"line":99,"column":68}},"loc":{"start":{"line":99,"column":72},"end":{"line":99,"column":84}}}},"branchMap":{},"s":{"0":0,"1":0,"2":0},"f":{"0":0},"b":{}}
}
