TN:
SF:src\App.tsx
FN:10,App
FNF:1
FNH:0
FNDA:0,App
DA:1,0
DA:2,0
DA:3,0
DA:4,0
DA:5,0
DA:6,0
DA:7,0
DA:8,0
DA:10,0
DA:11,0
LF:10
LH:0
BRF:0
BRH:0
end_of_record
TN:
SF:src\test-utils.tsx
FN:8,render
FN:12,(anonymous_6)
FNF:2
FNH:0
FNDA:0,render
FNDA:0,(anonymous_6)
DA:1,0
DA:2,0
DA:3,0
DA:4,0
DA:5,0
DA:6,0
DA:9,0
DA:11,0
DA:13,0
DA:27,0
DA:28,0
LF:11
LH:0
BRDA:8,0,0,0
BRDA:8,1,0,0
BRF:2
BRH:0
end_of_record
TN:
SF:src\components\GenreButtons.tsx
FN:9,(anonymous_1)
FN:16,(anonymous_2)
FN:27,(anonymous_3)
FN:37,(anonymous_4)
FN:40,(anonymous_5)
FNF:5
FNH:5
FNDA:27,(anonymous_1)
FNDA:6,(anonymous_2)
FNDA:1,(anonymous_3)
FNDA:51,(anonymous_4)
FNDA:5,(anonymous_5)
DA:1,1
DA:2,1
DA:9,1
DA:10,27
DA:12,27
DA:13,10
DA:16,17
DA:17,6
DA:18,1
DA:20,5
DA:24,17
DA:27,1
DA:38,51
DA:40,5
DA:54,1
LF:15
LH:15
BRDA:12,0,0,10
BRDA:17,1,0,1
BRDA:17,1,1,5
BRDA:29,2,0,11
BRDA:29,2,1,6
BRDA:42,3,0,6
BRDA:42,3,1,45
BRF:7
BRH:7
end_of_record
TN:
SF:src\components\Header.tsx
FN:7,(anonymous_1)
FNF:1
FNH:0
FNDA:0,(anonymous_1)
DA:1,0
DA:2,0
DA:3,0
DA:4,0
DA:5,0
DA:7,0
DA:8,0
DA:10,0
DA:43,0
LF:9
LH:0
BRDA:24,0,0,0
BRDA:24,0,1,0
BRDA:29,1,0,0
BRDA:29,1,1,0
BRF:4
BRH:0
end_of_record
TN:
SF:src\components\MovieCard.tsx
FN:14,(anonymous_1)
FN:18,(anonymous_2)
FN:38,(anonymous_3)
FNF:3
FNH:0
FNDA:0,(anonymous_1)
FNDA:0,(anonymous_2)
FNDA:0,(anonymous_3)
DA:1,1
DA:2,1
DA:3,1
DA:5,1
DA:6,1
DA:7,1
DA:8,1
DA:14,1
DA:15,0
DA:17,0
DA:18,0
DA:21,0
DA:39,0
DA:64,1
LF:14
LH:9
BRDA:25,0,0,0
BRDA:25,0,1,0
BRDA:36,1,0,0
BRDA:36,1,1,0
BRF:4
BRH:0
end_of_record
TN:
SF:src\components\NavBar.tsx
FN:12,(anonymous_1)
FNF:1
FNH:1
FNDA:4,(anonymous_1)
DA:1,1
DA:2,1
DA:3,1
DA:12,1
DA:18,4
DA:39,1
LF:6
LH:6
BRDA:13,0,0,0
BRDA:15,1,0,4
BRDA:16,2,0,4
BRDA:21,3,0,4
BRDA:21,3,1,4
BRDA:31,4,0,4
BRDA:31,4,1,4
BRF:7
BRH:6
end_of_record
TN:
SF:src\components\SearchBar.tsx
FN:6,(anonymous_10)
FN:12,(anonymous_11)
FN:19,(anonymous_12)
FN:27,(anonymous_13)
FN:28,(anonymous_14)
FN:35,(anonymous_15)
FN:41,(anonymous_16)
FNF:7
FNH:7
FNDA:30,(anonymous_10)
FNDA:20,(anonymous_11)
FNDA:1,(anonymous_12)
FNDA:4,(anonymous_13)
FNDA:4,(anonymous_14)
FNDA:20,(anonymous_15)
FNDA:1,(anonymous_16)
DA:1,1
DA:2,1
DA:3,1
DA:4,1
DA:6,1
DA:7,30
DA:8,30
DA:9,30
DA:11,30
DA:14,20
DA:15,18
DA:19,20
DA:20,1
DA:27,30
DA:28,4
DA:29,4
DA:30,2
DA:35,30
DA:36,20
DA:37,20
DA:38,20
DA:41,30
DA:42,1
DA:43,1
DA:44,1
DA:45,1
DA:49,30
DA:73,1
LF:28
LH:28
BRDA:14,0,0,18
BRDA:29,1,0,2
BRDA:44,2,0,1
BRDA:60,3,0,30
BRDA:60,3,1,21
BRF:5
BRH:5
end_of_record
TN:
SF:src\components\SkeletonLoader.tsx
FN:6,(anonymous_1)
FN:10,(anonymous_2)
FN:26,(anonymous_3)
FN:40,(anonymous_4)
FNF:4
FNH:2
FNDA:48,(anonymous_1)
FNDA:12,(anonymous_2)
FNDA:0,(anonymous_3)
FNDA:0,(anonymous_4)
DA:1,1
DA:6,1
DA:8,48
DA:10,1
DA:11,12
DA:26,1
DA:40,0
LF:7
LH:6
BRDA:7,0,0,0
BRF:1
BRH:0
end_of_record
TN:
SF:src\components\ThemeToggle.tsx
FN:4,(anonymous_1)
FNF:1
FNH:0
FNDA:0,(anonymous_1)
DA:1,0
DA:2,0
DA:3,0
DA:4,0
DA:8,0
DA:9,0
DA:13,0
LF:7
LH:0
BRDA:9,0,0,0
BRDA:9,0,1,0
BRDA:10,1,0,0
BRDA:10,1,1,0
BRF:4
BRH:0
end_of_record
TN:
SF:src\components\ui\Badge.tsx
FN:10,(anonymous_1)
FNF:1
FNH:0
FNDA:0,(anonymous_1)
DA:1,1
DA:10,1
DA:16,0
DA:18,0
DA:24,0
DA:29,0
DA:36,1
LF:7
LH:3
BRDA:12,0,0,0
BRDA:13,1,0,0
BRDA:14,2,0,0
BRF:3
BRH:0
end_of_record
TN:
SF:src\components\ui\Button.tsx
FN:16,(anonymous_1)
FNF:1
FNH:1
FNDA:1,(anonymous_1)
DA:1,1
DA:2,1
DA:16,1
DA:27,1
DA:29,1
DA:35,1
DA:41,1
DA:42,1
DA:44,1
DA:65,1
LF:10
LH:10
BRDA:18,0,0,0
BRDA:19,1,0,1
BRDA:20,2,0,1
BRDA:23,3,0,1
BRDA:24,4,0,1
BRDA:25,5,0,1
BRDA:41,6,0,0
BRDA:41,6,1,1
BRDA:42,7,0,0
BRDA:42,7,1,1
BRDA:42,8,0,1
BRDA:42,8,1,1
BRDA:47,9,0,1
BRDA:47,9,1,1
BRDA:50,10,0,0
BRDA:50,10,1,1
BRDA:52,11,0,0
BRDA:52,11,1,0
BRDA:52,12,0,0
BRDA:52,12,1,0
BRF:20
BRH:12
end_of_record
TN:
SF:src\components\ui\FavoriteButton.tsx
FN:11,(anonymous_1)
FN:15,(anonymous_2)
FNF:2
FNH:0
FNDA:0,(anonymous_1)
FNDA:0,(anonymous_2)
DA:1,1
DA:2,1
DA:3,1
DA:11,1
DA:12,0
DA:13,0
DA:15,0
DA:16,0
DA:17,0
DA:18,0
DA:20,0
DA:24,0
DA:39,1
LF:13
LH:5
BRDA:11,0,0,0
BRDA:17,1,0,0
BRDA:17,1,1,0
BRDA:28,2,0,0
BRDA:28,2,1,0
BRDA:32,3,0,0
BRDA:32,3,1,0
BRDA:34,4,0,0
BRDA:34,4,1,0
BRF:9
BRH:0
end_of_record
TN:
SF:src\components\ui\Grid.tsx
FN:10,(anonymous_1)
FNF:1
FNH:0
FNDA:0,(anonymous_1)
DA:1,0
DA:10,0
DA:16,0
DA:23,0
DA:29,0
DA:39,0
LF:6
LH:0
BRDA:12,0,0,0
BRDA:13,1,0,0
BRDA:14,2,0,0
BRF:3
BRH:0
end_of_record
TN:
SF:src\components\ui\ImageWithFallback.tsx
FN:11,(anonymous_9)
FN:33,(anonymous_10)
FNF:2
FNH:0
FNDA:0,(anonymous_9)
FNDA:0,(anonymous_10)
DA:1,1
DA:2,1
DA:11,1
DA:17,0
DA:19,0
DA:20,0
DA:28,0
DA:33,0
DA:39,1
LF:9
LH:4
BRDA:14,0,0,0
BRDA:15,1,0,0
BRDA:19,2,0,0
BRDA:19,3,0,0
BRDA:19,3,1,0
BRF:5
BRH:0
end_of_record
TN:
SF:src\components\ui\MovieCastGrid.tsx
FN:18,(anonymous_1)
FN:25,(anonymous_2)
FNF:2
FNH:0
FNDA:0,(anonymous_1)
FNDA:0,(anonymous_2)
DA:1,0
DA:3,0
DA:18,0
DA:23,0
DA:26,0
DA:45,0
LF:6
LH:0
BRDA:20,0,0,0
BRDA:21,1,0,0
BRDA:29,2,0,0
BRDA:29,2,1,0
BRF:4
BRH:0
end_of_record
TN:
SF:src\components\ui\MovieHero.tsx
FN:21,(anonymous_1)
FN:61,(anonymous_2)
FNF:2
FNH:0
FNDA:0,(anonymous_1)
FNDA:0,(anonymous_2)
DA:1,0
DA:2,0
DA:3,0
DA:4,0
DA:5,0
DA:6,0
DA:21,0
DA:33,0
DA:62,0
DA:97,0
LF:10
LH:0
BRDA:37,0,0,0
BRDA:37,0,1,0
BRDA:48,1,0,0
BRDA:48,1,1,0
BRDA:59,2,0,0
BRDA:59,2,1,0
BRDA:83,3,0,0
BRDA:83,3,1,0
BRDA:84,4,0,0
BRDA:84,4,1,0
BRDA:85,5,0,0
BRDA:85,5,1,0
BRDA:87,6,0,0
BRDA:87,6,1,0
BRF:14
BRH:0
end_of_record
TN:
SF:src\components\ui\MovieMetadata.tsx
FN:13,(anonymous_1)
FNF:1
FNH:0
FNDA:0,(anonymous_1)
DA:1,1
DA:2,1
DA:3,1
DA:13,1
DA:20,0
DA:24,0
DA:25,0
DA:38,0
DA:59,1
LF:9
LH:5
BRDA:17,0,0,0
BRDA:18,1,0,0
BRDA:20,2,0,0
BRDA:20,2,1,0
BRDA:24,3,0,0
BRDA:27,4,0,0
BRDA:27,4,1,0
BRDA:28,5,0,0
BRDA:28,5,1,0
BRDA:40,6,0,0
BRDA:40,6,1,0
BRDA:46,7,0,0
BRDA:46,7,1,0
BRDA:52,8,0,0
BRDA:52,8,1,0
BRF:15
BRH:0
end_of_record
TN:
SF:src\components\ui\MovieTrailer.tsx
FN:9,(anonymous_1)
FNF:1
FNH:0
FNDA:0,(anonymous_1)
DA:1,0
DA:9,0
DA:14,0
DA:27,0
LF:4
LH:0
BRDA:12,0,0,0
BRF:1
BRH:0
end_of_record
TN:
SF:src\components\ui\NoResults.tsx
FN:14,(anonymous_1)
FNF:1
FNH:1
FNDA:1,(anonymous_1)
DA:1,1
DA:2,1
DA:3,1
DA:14,1
DA:21,1
DA:45,1
LF:6
LH:6
BRDA:20,0,0,1
BRDA:23,1,0,1
BRDA:23,1,1,1
BRDA:34,2,0,1
BRDA:34,2,1,1
BRDA:34,2,2,1
BRF:6
BRH:6
end_of_record
TN:
SF:src\components\ui\PageHeader.tsx
FN:13,(anonymous_1)
FNF:1
FNH:0
FNDA:0,(anonymous_1)
DA:1,0
DA:2,0
DA:3,0
DA:13,0
DA:20,0
DA:43,0
LF:6
LH:0
BRDA:16,0,0,0
BRDA:17,1,0,0
BRDA:18,2,0,0
BRDA:22,3,0,0
BRDA:22,3,1,0
BRDA:38,4,0,0
BRDA:38,4,1,0
BRF:7
BRH:0
end_of_record
TN:
SF:src\components\ui\Rating.tsx
FN:9,(anonymous_1)
FN:10,(anonymous_2)
FNF:2
FNH:0
FNDA:0,(anonymous_1)
FNDA:0,(anonymous_2)
DA:1,1
DA:2,1
DA:9,1
DA:10,0
DA:11,0
DA:12,0
DA:15,0
DA:23,1
LF:8
LH:4
BRDA:9,0,0,0
BRDA:11,1,0,0
BRDA:11,2,0,0
BRDA:11,2,1,0
BRF:4
BRH:0
end_of_record
TN:
SF:src\components\ui\Section.tsx
FN:9,(anonymous_1)
FNF:1
FNH:0
FNDA:0,(anonymous_1)
DA:1,0
DA:9,0
DA:14,0
DA:24,0
LF:4
LH:0
BRDA:12,0,0,0
BRDA:16,1,0,0
BRDA:16,1,1,0
BRF:3
BRH:0
end_of_record
TN:
SF:src\context\FilterContext.tsx
FN:27,(anonymous_9)
FN:37,(anonymous_10)
FN:42,(anonymous_11)
FN:66,(anonymous_12)
FN:67,(anonymous_13)
FN:109,(anonymous_14)
FN:113,(anonymous_15)
FN:133,(anonymous_16)
FNF:8
FNH:8
FNDA:84,(anonymous_9)
FNDA:62,(anonymous_10)
FNDA:124,(anonymous_11)
FNDA:27,(anonymous_12)
FNDA:27,(anonymous_13)
FNDA:4,(anonymous_14)
FNDA:8,(anonymous_15)
FNDA:2,(anonymous_16)
DA:1,4
DA:2,4
DA:25,4
DA:27,4
DA:28,84
DA:29,84
DA:30,0
DA:32,84
DA:37,4
DA:38,62
DA:39,62
DA:42,62
DA:43,124
DA:44,124
DA:45,124
DA:46,19
DA:47,18
DA:48,18
DA:55,1
DA:56,1
DA:58,106
DA:61,62
DA:62,62
DA:63,62
DA:66,62
DA:67,27
DA:68,27
DA:70,27
DA:71,27
DA:73,27
DA:74,8
DA:75,8
DA:76,8
DA:77,8
DA:79,8
DA:80,6
DA:81,6
DA:82,6
DA:87,21
DA:88,16
DA:91,16
DA:92,16
DA:94,2
DA:96,2
DA:97,2
DA:98,2
DA:101,24
DA:105,27
DA:109,62
DA:110,4
DA:113,62
DA:114,8
DA:115,8
DA:117,8
DA:118,8
DA:119,1
DA:121,7
DA:125,7
DA:128,0
DA:133,62
DA:134,2
DA:135,2
DA:136,2
DA:137,2
DA:140,62
LF:65
LH:63
BRDA:29,0,0,0
BRDA:45,1,0,19
BRDA:47,2,0,18
BRDA:47,3,0,18
BRDA:47,3,1,18
BRDA:47,3,2,18
BRDA:47,3,3,18
BRDA:73,4,0,8
BRDA:73,5,0,27
BRDA:73,5,1,11
BRDA:79,6,0,6
BRDA:97,7,0,2
BRDA:118,8,0,1
BRDA:118,8,1,7
BRF:14
BRH:13
end_of_record
TN:
SF:src\context\MovieContext.tsx
FN:36,(anonymous_9)
FN:37,(anonymous_10)
FN:38,(anonymous_11)
FN:41,(anonymous_12)
FN:48,(anonymous_13)
FN:51,(anonymous_14)
FN:53,(anonymous_15)
FN:62,(anonymous_16)
FN:67,(anonymous_17)
FN:96,(anonymous_18)
FN:115,(anonymous_19)
FN:126,(anonymous_20)
FN:134,(anonymous_21)
FN:147,(anonymous_22)
FN:151,(anonymous_23)
FN:163,(anonymous_24)
FN:166,(anonymous_25)
FN:173,(anonymous_26)
FN:183,(anonymous_27)
FN:190,(anonymous_28)
FN:198,(anonymous_29)
FN:199,(anonymous_30)
FN:202,(anonymous_31)
FNF:23
FNH:0
FNDA:0,(anonymous_9)
FNDA:0,(anonymous_10)
FNDA:0,(anonymous_11)
FNDA:0,(anonymous_12)
FNDA:0,(anonymous_13)
FNDA:0,(anonymous_14)
FNDA:0,(anonymous_15)
FNDA:0,(anonymous_16)
FNDA:0,(anonymous_17)
FNDA:0,(anonymous_18)
FNDA:0,(anonymous_19)
FNDA:0,(anonymous_20)
FNDA:0,(anonymous_21)
FNDA:0,(anonymous_22)
FNDA:0,(anonymous_23)
FNDA:0,(anonymous_24)
FNDA:0,(anonymous_25)
FNDA:0,(anonymous_26)
FNDA:0,(anonymous_27)
FNDA:0,(anonymous_28)
FNDA:0,(anonymous_29)
FNDA:0,(anonymous_30)
FNDA:0,(anonymous_31)
DA:1,0
DA:2,0
DA:3,0
DA:33,0
DA:38,0
DA:51,0
DA:53,0
DA:54,0
DA:55,0
DA:56,0
DA:57,0
DA:58,0
DA:59,0
DA:60,0
DA:61,0
DA:62,0
DA:63,0
DA:67,0
DA:68,0
DA:69,0
DA:70,0
DA:73,0
DA:79,0
DA:80,0
DA:84,0
DA:85,0
DA:86,0
DA:88,0
DA:89,0
DA:92,0
DA:93,0
DA:95,0
DA:96,0
DA:98,0
DA:101,0
DA:102,0
DA:103,0
DA:106,0
DA:107,0
DA:109,0
DA:110,0
DA:115,0
DA:116,0
DA:117,0
DA:119,0
DA:120,0
DA:126,0
DA:127,0
DA:128,0
DA:129,0
DA:134,0
DA:135,0
DA:136,0
DA:137,0
DA:138,0
DA:139,0
DA:142,0
DA:147,0
DA:148,0
DA:151,0
DA:152,0
DA:153,0
DA:154,0
DA:155,0
DA:157,0
DA:162,0
DA:163,0
DA:166,0
DA:168,0
DA:169,0
DA:171,0
DA:172,0
DA:173,0
DA:174,0
DA:175,0
DA:176,0
DA:179,0
DA:183,0
DA:185,0
DA:186,0
DA:188,0
DA:189,0
DA:190,0
DA:191,0
DA:192,0
DA:194,0
DA:198,0
DA:199,0
DA:202,0
DA:203,0
DA:204,0
DA:208,0
DA:210,0
LF:93
LH:0
BRDA:67,0,0,0
BRDA:67,1,0,0
BRDA:70,2,0,0
BRDA:79,3,0,0
BRDA:84,4,0,0
BRDA:84,4,1,0
BRDA:95,5,0,0
BRDA:95,5,1,0
BRDA:116,6,0,0
BRDA:116,7,0,0
BRDA:116,7,1,0
BRDA:116,7,2,0
BRDA:119,8,0,0
BRDA:127,9,0,0
BRDA:137,10,0,0
BRDA:152,11,0,0
BRDA:152,12,0,0
BRDA:152,12,1,0
BRDA:172,13,0,0
BRDA:172,13,1,0
BRDA:173,14,0,0
BRDA:189,15,0,0
BRDA:189,15,1,0
BRDA:203,16,0,0
BRDA:203,17,0,0
BRDA:203,17,1,0
BRF:26
BRH:0
end_of_record
TN:
SF:src\context\ThemeContext.tsx
FN:8,(anonymous_9)
FN:10,(anonymous_10)
FN:13,(anonymous_11)
FN:17,(anonymous_12)
FN:27,(anonymous_13)
FN:35,(anonymous_14)
FNF:6
FNH:1
FNDA:0,(anonymous_9)
FNDA:4,(anonymous_10)
FNDA:0,(anonymous_11)
FNDA:0,(anonymous_12)
FNDA:0,(anonymous_13)
FNDA:0,(anonymous_14)
DA:1,1
DA:6,1
DA:10,4
DA:11,1
DA:13,1
DA:16,0
DA:17,0
DA:18,0
DA:19,0
DA:20,0
DA:23,0
DA:24,0
DA:27,0
DA:28,0
DA:29,0
DA:31,0
DA:33,0
DA:35,0
DA:36,0
DA:38,0
LF:20
LH:5
BRDA:19,0,0,0
BRDA:19,0,1,0
BRDA:28,1,0,0
BRDA:28,1,1,0
BRF:4
BRH:0
end_of_record
TN:
SF:src\pages\Favorites.tsx
FN:11,(anonymous_10)
FN:25,(anonymous_11)
FN:27,(anonymous_12)
FN:30,(anonymous_13)
FN:64,(anonymous_14)
FN:76,(anonymous_15)
FNF:6
FNH:5
FNDA:4,(anonymous_10)
FNDA:3,(anonymous_11)
FNDA:1,(anonymous_12)
FNDA:3,(anonymous_13)
FNDA:12,(anonymous_14)
FNDA:0,(anonymous_15)
DA:1,1
DA:2,1
DA:3,1
DA:4,1
DA:5,1
DA:6,1
DA:7,1
DA:8,1
DA:11,1
DA:12,4
DA:13,4
DA:14,4
DA:15,4
DA:17,4
DA:18,4
DA:20,0
DA:21,0
DA:25,4
DA:27,3
DA:28,1
DA:30,3
DA:33,4
DA:34,0
DA:54,4
DA:64,12
DA:76,0
DA:84,1
LF:27
LH:23
BRDA:20,0,0,0
BRDA:33,1,0,0
BRDA:35,2,0,0
BRDA:35,2,1,0
BRDA:55,3,0,0
BRDA:55,3,1,4
BRDA:62,4,0,3
BRDA:62,4,1,1
BRDA:66,5,0,1
BRDA:66,5,1,0
BRF:10
BRH:4
end_of_record
TN:
SF:src\pages\Home.tsx
FN:11,(anonymous_10)
FN:15,(anonymous_11)
FN:21,(anonymous_12)
FN:29,(anonymous_13)
FN:61,(anonymous_14)
FN:73,(anonymous_15)
FNF:6
FNH:0
FNDA:0,(anonymous_10)
FNDA:0,(anonymous_11)
FNDA:0,(anonymous_12)
FNDA:0,(anonymous_13)
FNDA:0,(anonymous_14)
FNDA:0,(anonymous_15)
DA:1,0
DA:2,0
DA:3,0
DA:4,0
DA:5,0
DA:6,0
DA:7,0
DA:8,0
DA:9,0
DA:11,0
DA:12,0
DA:13,0
DA:14,0
DA:15,0
DA:17,0
DA:21,0
DA:22,0
DA:23,0
DA:24,0
DA:25,0
DA:29,0
DA:30,0
DA:31,0
DA:32,0
DA:35,0
DA:61,0
DA:73,0
DA:102,0
LF:28
LH:0
BRDA:22,0,0,0
BRDA:22,1,0,0
BRDA:22,1,1,0
BRDA:22,1,2,0
BRDA:36,2,0,0
BRDA:36,2,1,0
BRDA:41,3,0,0
BRDA:41,3,1,0
BRDA:59,4,0,0
BRDA:59,4,1,0
BRDA:63,5,0,0
BRDA:63,5,1,0
BRDA:75,6,0,0
BRDA:75,6,1,0
BRDA:84,7,0,0
BRDA:84,7,1,0
BRF:16
BRH:0
end_of_record
TN:
SF:src\pages\MovieDetail.tsx
FN:53,(anonymous_10)
FN:62,(anonymous_11)
FN:66,(anonymous_12)
FN:67,(anonymous_13)
FN:106,(anonymous_14)
FN:123,(anonymous_15)
FN:125,(anonymous_16)
FN:161,(anonymous_17)
FNF:8
FNH:0
FNDA:0,(anonymous_10)
FNDA:0,(anonymous_11)
FNDA:0,(anonymous_12)
FNDA:0,(anonymous_13)
FNDA:0,(anonymous_14)
FNDA:0,(anonymous_15)
FNDA:0,(anonymous_16)
FNDA:0,(anonymous_17)
DA:1,0
DA:2,0
DA:3,0
DA:4,0
DA:5,0
DA:6,0
DA:7,0
DA:8,0
DA:9,0
DA:10,0
DA:11,0
DA:12,0
DA:13,0
DA:53,0
DA:54,0
DA:55,0
DA:56,0
DA:57,0
DA:58,0
DA:59,0
DA:62,0
DA:63,0
DA:66,0
DA:67,0
DA:68,0
DA:69,0
DA:70,0
DA:73,0
DA:74,0
DA:76,0
DA:77,0
DA:79,0
DA:83,0
DA:86,0
DA:87,0
DA:94,0
DA:95,0
DA:104,0
DA:106,0
DA:107,0
DA:108,0
DA:110,0
DA:122,0
DA:123,0
DA:125,0
DA:128,0
DA:162,0
DA:181,0
LF:48
LH:0
BRDA:86,0,0,0
BRDA:94,1,0,0
BRDA:94,2,0,0
BRDA:94,2,1,0
BRDA:98,3,0,0
BRDA:98,3,1,0
BRDA:107,4,0,0
BRDA:107,4,1,0
BRDA:122,5,0,0
BRDA:122,5,1,0
BRDA:123,6,0,0
BRDA:123,6,1,0
BRDA:129,7,0,0
BRDA:129,7,1,0
BRDA:145,8,0,0
BRDA:145,8,1,0
BRDA:158,9,0,0
BRDA:158,9,1,0
BRDA:168,10,0,0
BRDA:168,10,1,0
BRDA:168,11,0,0
BRDA:168,11,1,0
BRF:22
BRH:0
end_of_record
TN:
SF:src\services\index.ts
FN:26,(anonymous_1)
FN:43,(anonymous_2)
FN:52,(anonymous_3)
FN:69,(anonymous_4)
FN:78,(anonymous_5)
FN:88,(anonymous_6)
FN:102,(anonymous_7)
FN:112,(anonymous_8)
FN:122,(anonymous_9)
FNF:9
FNH:1
FNDA:3,(anonymous_1)
FNDA:0,(anonymous_2)
FNDA:0,(anonymous_3)
FNDA:0,(anonymous_4)
FNDA:0,(anonymous_5)
FNDA:0,(anonymous_6)
FNDA:0,(anonymous_7)
FNDA:0,(anonymous_8)
FNDA:0,(anonymous_9)
DA:1,1
DA:2,1
DA:4,1
DA:5,1
DA:8,1
DA:26,1
DA:31,3
DA:34,3
DA:43,1
DA:44,0
DA:52,1
DA:53,0
DA:57,0
DA:58,0
DA:60,0
DA:69,1
DA:70,0
DA:78,1
DA:79,0
DA:88,1
DA:89,0
DA:90,0
DA:91,0
DA:93,0
DA:102,1
DA:103,0
DA:112,1
DA:113,0
DA:122,1
DA:123,0
DA:126,1
LF:31
LH:17
BRDA:26,0,0,3
BRDA:52,1,0,0
BRDA:52,2,0,0
BRDA:52,3,0,0
BRDA:57,4,0,0
BRDA:69,5,0,0
BRDA:78,6,0,0
BRDA:88,7,0,0
BRDA:90,8,0,0
BRDA:102,9,0,0
BRDA:112,10,0,0
BRDA:122,11,0,0
BRF:12
BRH:1
end_of_record
TN:
SF:src\utils\config.ts
FNF:0
FNH:0
DA:1,2
DA:7,2
LF:2
LH:2
BRF:0
BRH:0
end_of_record
TN:
SF:src\utils\mockData.ts
FN:99,(anonymous_0)
FNF:1
FNH:0
FNDA:0,(anonymous_0)
DA:2,0
DA:99,0
LF:2
LH:0
BRF:0
BRH:0
end_of_record
